<?xml version="1.0" encoding="UTF-8"?>
<!-- Generated by org.testng.reporters.JUnitXMLReporter -->
<testsuite ignored="0" hostname="Bis-Mac-mini.local" failures="1" tests="45" name="aa" time="3260.448" errors="0" timestamp="14 Sep 2018 08:58:33 GMT">
  <testcase classname="TestCases.TS008_ContactScripts01" name="TS008_ContactScripts01_Contact1_verifyContactView" time="10.446"/>
  <testcase classname="TestCases.TS008_ContactScripts01" name="TS008_ContactScripts01_Contact2_addContactFromHomeView" time="49.167"/>
  <testcase classname="TestCases.TS008_ContactScripts01" name="TS008_ContactScripts01_Contact3_addContactFromPlusIcon" time="44.765"/>
  <testcase classname="TestCases.TS008_ContactScripts01" name="TS008_ContactScripts01_Contact4_addContactFromBottomBar" time="48.597"/>
  <testcase classname="TestCases.TS008_ContactScripts01" name="TS008_ContactScripts01_Contact5_filterByRecentAddNewContact" time="81.271"/>
  <testcase classname="TestCases.TS008_ContactScripts01" name="TS008_ContactScripts01_Contact6_filterByVIPAddNewContact" time="79.503"/>
  <testcase classname="TestCases.TS008_ContactScripts01" name="TS008_ContactScripts01_Contact7_filterByAllCheckAndDeleteContact" time="40.888"/>
  <testcase classname="TestCases.TS008_ContactScripts01" name="TS008_ContactScripts01_Contact7_filterByAllCheckAndDeleteContact" time="40.835"/>
  <testcase classname="TestCases.TS008_ContactScripts01" name="TS008_ContactScripts01_Contact7_filterByAllCheckAndDeleteContact" time="39.815"/>
  <testcase classname="TestCases.TS008_ContactScripts01" name="TS008_ContactScripts01_Contact7_filterByAllCheckAndDeleteContact" time="39.204"/>
  <testcase classname="TestCases.TS008_ContactScripts01" name="TS008_ContactScripts01_Contact8_changeDisplayInSettings" time="36.462"/>
  <testcase classname="TestCases.TS008_ContactScripts01" name="TS008_ContactScripts01_Contact8_changeDisplayInSettings" time="36.117"/>
  <testcase classname="TestCases.TS008_ContactScripts01" name="TS008_ContactScripts01_Contact8_changeDisplayInSettings" time="17.933"/>
  <testcase classname="TestCases.TS008_ContactScripts02" name="TS008_ContactScripts02_Contact1_sendAnEmailBySwiping" time="87.334"/>
  <testcase classname="TestCases.TS008_ContactScripts02" name="TS008_ContactScripts02_Contact2_createLinkedEventBySwiping" time="101.17"/>
  <testcase classname="TestCases.TS008_ContactScripts02" name="TS008_ContactScripts02_Contact3_moveToCollectionBySwiping" time="41.343"/>
  <testcase classname="TestCases.TS008_ContactScripts02" name="TS008_ContactScripts02_Contact4_addToCollectionBySwiping" time="53.3">
    <failure type="java.lang.AssertionError" message="Test case is failed">
      <![CDATA[java.lang.AssertionError: Test case is failed
	at TestCases.TS008_ContactScripts02.TS008_ContactScripts02_Contact4_addToCollectionBySwiping(TS008_ContactScripts02.java:147)
... Removed 25 stack frames]]>
    </failure>
  </testcase> <!-- TS008_ContactScripts02_Contact4_addToCollectionBySwiping -->
  <testcase classname="TestCases.TS008_ContactScripts02" name="TS008_ContactScripts02_Contact5_deleteContactBySwiping" time="15.277"/>
  <testcase classname="TestCases.TS008_ContactScripts02" name="TS008_ContactScripts02_Contact6_checkEmailIconNotExistBySwipe" time="49.094"/>
  <testcase classname="TestCases.TS008_ContactScripts02" name="TS008_ContactScripts02_Contact7_checkPhoneAndChatIconNotExist" time="85.67"/>
  <testcase classname="TestCases.TS008_ContactScripts03" name="TS008_ContactScripts03_Contact1_FilterByACollectionAddNewContact" time="104.146"/>
  <testcase classname="TestCases.TS008_ContactScripts03" name="TS008_ContactScripts03_Contact2_FilterByACollectionAddNewVIPContact" time="93.619"/>
  <testcase classname="TestCases.TS008_ContactScripts03" name="TS008_ContactScripts03_Contact3_FilterByMultiCollectionAddNewContact" time="123.723"/>
  <testcase classname="TestCases.TS008_ContactScripts03" name="TS008_ContactScripts03_Contact4_FilterByMultiCollectionAddNewVIPContact" time="100.498"/>
  <testcase classname="TestCases.TS008_ContactScripts03" name="TS008_ContactScripts03_Contact5_checkNumberContact" time="24.079"/>
  <testcase classname="TestCases.TS008_ContactScripts03" name="TS008_ContactScripts03_Contact6_deleteContact" time="65.278"/>
  <testcase classname="TestCases.TS008_ContactScripts03" name="TS008_ContactScripts03_Contact7_sendEmailFromDetail" time="46.381"/>
  <testcase classname="TestCases.TS008_ContactScripts03" name="TS008_ContactScripts03_Contact8_addEventFromDetail" time="104.906"/>
  <testcase classname="TestCases.TS008_ContactScripts04" name="TS008_ContactScripts04_Contact1_markVIPContactInList" time="77.762"/>
  <testcase classname="TestCases.TS008_ContactScripts04" name="TS008_ContactScripts04_Contact2_markVIPContactInDetail" time="67.986"/>
  <testcase classname="TestCases.TS008_ContactScripts04" name="TS008_ContactScripts04_Contact3_UnVIPContactInList" time="71.052"/>
  <testcase classname="TestCases.TS008_ContactScripts04" name="TS008_ContactScripts04_Contact4_UnVIPContactInDetail" time="80.806"/>
  <testcase classname="TestCases.TS008_ContactScripts04" name="TS008_ContactScripts04_Contact5_addCollectionToContactInDetail" time="51.084"/>
  <testcase classname="TestCases.TS008_ContactScripts04" name="TS008_ContactScripts04_Contact6_addCollectionToVipContactInDetail" time="67.991"/>
  <testcase classname="TestCases.TS008_ContactScripts04" name="TS008_ContactScripts04_Contact7_moveCollectionToContactInDetail" time="49.399"/>
  <testcase classname="TestCases.TS008_ContactScripts04" name="TS008_ContactScripts04_Contact8_moveCollectionToVipContactInDetail" time="48.057"/>
  <testcase classname="TestCases.TS008_ContactScripts05" name="TS008_ContactScripts05_Contact1_addLinkedTodoInDetail" time="132.474"/>
  <testcase classname="TestCases.TS008_ContactScripts05" name="TS008_ContactScripts05_Contact2_addLinkedNoteInDetail" time="130.73"/>
  <testcase classname="TestCases.TS008_ContactScripts05" name="TS008_ContactScripts05_Contact3_addLinkedContactInDetail" time="67.625"/>
  <testcase classname="TestCases.TS008_ContactScripts05" name="TS008_ContactScripts05_Contact4_searchContactByAllCollections" time="20.397"/>
  <testcase classname="TestCases.TS008_ContactScripts05" name="TS008_ContactScripts05_Contact5_searchContactByACollection" time="31.003"/>
  <testcase classname="TestCases.TS008_ContactScripts05" name="TS008_ContactScripts05_Contact6_searchContactNotDependAllCollections" time="30.355"/>
  <testcase classname="TestCases.TS008_ContactScripts05" name="TS008_ContactScripts05_Contact7_searchContactNotDependACollection" time="35.15"/>
  <testcase classname="TestCases.TS008_ContactScripts05" name="TS008_ContactScripts05_Contact8_searchContactNotDependVipFilter" time="16.181"/>
  <testcase classname="TestCases.TS008_ContactScripts05" name="TS008_ContactScripts05_Contact9_searchContactNotExist" time="15.597"/>
</testsuite> <!-- aa -->
