<?xml version="1.0" encoding="UTF-8"?>
<!-- Generated by org.testng.reporters.JUnitXMLReporter -->
<testsuite ignored="0" hostname="Bis-Mac-mini.local" failures="6" tests="809" name="Regression test" time="42665.393" errors="0" timestamp="05 Mar 2019 22:47:03 GMT">
  <testcase classname="TestCases.TS005_EmailScripts04" name="@AfterClass clearUp" time="9.081">
    <failure type="java.lang.NullPointerException">
      <![CDATA[java.lang.NullPointerException
	at Keywords.CommonKeywords.clickViewBottomBar(CommonKeywords.java:1208)
	at TestCases.TS005_EmailScripts04.clearUp(TS005_EmailScripts04.java:276)
... Removed 24 stack frames]]>
    </failure>
  </testcase> <!-- @AfterClass clearUp -->
  <testcase classname="TestCases.TS005_EmailScripts06" name="@BeforeClass SetUp" time="139.216">
    <failure type="org.openqa.selenium.WebDriverException" message="An unknown server-side error occurred while processing the command. Original error: Error Domain=com.facebook.WebDriverAgent Code=1 &amp;quot;The element &amp;apos;Cell&amp;apos; is not visible on the screen and thus is not interactable&amp;quot; UserInfo={NSLocalizedDescription=The element &amp;apos;Cell&amp;apos; is not visible on the screen and thus is not interactable}
Build info: version: &amp;apos;3.14.0&amp;apos;, revision: &amp;apos;aacccce0&amp;apos;, time: &amp;apos;2018-08-02T20:19:58.91Z&amp;apos;
System info: host: &amp;apos;Bis-Mac-mini.local&amp;apos;, ip: &amp;apos;192.168.1.48&amp;apos;, os.name: &amp;apos;Mac OS X&amp;apos;, os.arch: &amp;apos;x86_64&amp;apos;, os.version: &amp;apos;10.14.2&amp;apos;, java.version: &amp;apos;10.0.2&amp;apos;
Driver info: io.appium.java_client.ios.IOSDriver
Capabilities {app: /Users/Bi_DATA/FileFloApp/F..., automationName: XCUITest, browserName: , databaseEnabled: false, deviceName: iPhone 6s, javascriptEnabled: true, locationContextEnabled: false, networkConnectionEnabled: false, newCommandTimeout: 4000, noReset: false, platform: MAC, platformName: iOS, platformVersion: 12.0, showXcodeLog: true, takesScreenshot: true, udid: 94D12BCB-9253-4B1A-B4CB-B2D..., webStorageEnabled: false}
Session ID: 52765d85-9044-4807-b031-97c7477eabb9">
      <![CDATA[org.openqa.selenium.WebDriverException: An unknown server-side error occurred while processing the command. Original error: Error Domain=com.facebook.WebDriverAgent Code=1 "The element 'Cell' is not visible on the screen and thus is not interactable" UserInfo={NSLocalizedDescription=The element 'Cell' is not visible on the screen and thus is not interactable}
Build info: version: '3.14.0', revision: 'aacccce0', time: '2018-08-02T20:19:58.91Z'
System info: host: 'Bis-Mac-mini.local', ip: '192.168.1.48', os.name: 'Mac OS X', os.arch: 'x86_64', os.version: '10.14.2', java.version: '10.0.2'
Driver info: io.appium.java_client.ios.IOSDriver
Capabilities {app: /Users/Bi_DATA/FileFloApp/F..., automationName: XCUITest, browserName: , databaseEnabled: false, deviceName: iPhone 6s, javascriptEnabled: true, locationContextEnabled: false, networkConnectionEnabled: false, newCommandTimeout: 4000, noReset: false, platform: MAC, platformName: iOS, platformVersion: 12.0, showXcodeLog: true, takesScreenshot: true, udid: 94D12BCB-9253-4B1A-B4CB-B2D..., webStorageEnabled: false}
Session ID: 52765d85-9044-4807-b031-97c7477eabb9
	at org.openqa.selenium.remote.http.W3CHttpResponseCodec.createException(W3CHttpResponseCodec.java:187)
	at org.openqa.selenium.remote.http.W3CHttpResponseCodec.decode(W3CHttpResponseCodec.java:122)
	at org.openqa.selenium.remote.http.W3CHttpResponseCodec.decode(W3CHttpResponseCodec.java:49)
	at org.openqa.selenium.remote.HttpCommandExecutor.execute(HttpCommandExecutor.java:158)
	at io.appium.java_client.remote.AppiumCommandExecutor.execute(AppiumCommandExecutor.java:231)
	at org.openqa.selenium.remote.RemoteWebDriver.execute(RemoteWebDriver.java:548)
	at io.appium.java_client.DefaultGenericMobileDriver.execute(DefaultGenericMobileDriver.java:42)
	at io.appium.java_client.AppiumDriver.execute(AppiumDriver.java:1)
	at io.appium.java_client.ios.IOSDriver.execute(IOSDriver.java:1)
	at io.appium.java_client.PerformsTouchActions.performTouchAction(PerformsTouchActions.java:41)
	at io.appium.java_client.TouchAction.perform(TouchAction.java:187)
	at Support.SetupServer.longPressElement(SetupServer.java:285)
	at Keywords.CommonKeywords.clearView(CommonKeywords.java:1399)
	at TestCases.TS005_EmailScripts06.SetUp(TS005_EmailScripts06.java:69)
... Removed 28 stack frames]]>
    </failure>
  </testcase> <!-- @BeforeClass SetUp -->
  <testcase classname="TestCases.TS005_EmailScripts06" name="@AfterClass clearUp" time="0.0">
    <skipped/>
  </testcase> <!-- @AfterClass clearUp -->
  <testcase classname="TestCases.TS010_CollectionScripts03" name="@BeforeClass SetUp" time="136.999">
    <failure type="org.openqa.selenium.WebDriverException" message="An unknown server-side error occurred while processing the command. Original error: The application under test with bundle id &amp;apos;com.floware.flo&amp;apos; is not running, possibly crashed
Build info: version: &amp;apos;3.14.0&amp;apos;, revision: &amp;apos;aacccce0&amp;apos;, time: &amp;apos;2018-08-02T20:19:58.91Z&amp;apos;
System info: host: &amp;apos;Bis-Mac-mini.local&amp;apos;, ip: &amp;apos;192.168.1.48&amp;apos;, os.name: &amp;apos;Mac OS X&amp;apos;, os.arch: &amp;apos;x86_64&amp;apos;, os.version: &amp;apos;10.14.2&amp;apos;, java.version: &amp;apos;10.0.2&amp;apos;
Driver info: io.appium.java_client.ios.IOSDriver
Capabilities {app: /Users/Bi_DATA/FileFloApp/F..., automationName: XCUITest, browserName: , databaseEnabled: false, deviceName: iPhone 6s, javascriptEnabled: true, locationContextEnabled: false, networkConnectionEnabled: false, newCommandTimeout: 4000, noReset: false, platform: MAC, platformName: iOS, platformVersion: 12.0, showXcodeLog: true, takesScreenshot: true, udid: 94D12BCB-9253-4B1A-B4CB-B2D..., webStorageEnabled: false}
Session ID: 30dba0f1-6475-43ca-b787-7ebfd44ef732">
      <![CDATA[org.openqa.selenium.WebDriverException: An unknown server-side error occurred while processing the command. Original error: The application under test with bundle id 'com.floware.flo' is not running, possibly crashed
Build info: version: '3.14.0', revision: 'aacccce0', time: '2018-08-02T20:19:58.91Z'
System info: host: 'Bis-Mac-mini.local', ip: '192.168.1.48', os.name: 'Mac OS X', os.arch: 'x86_64', os.version: '10.14.2', java.version: '10.0.2'
Driver info: io.appium.java_client.ios.IOSDriver
Capabilities {app: /Users/Bi_DATA/FileFloApp/F..., automationName: XCUITest, browserName: , databaseEnabled: false, deviceName: iPhone 6s, javascriptEnabled: true, locationContextEnabled: false, networkConnectionEnabled: false, newCommandTimeout: 4000, noReset: false, platform: MAC, platformName: iOS, platformVersion: 12.0, showXcodeLog: true, takesScreenshot: true, udid: 94D12BCB-9253-4B1A-B4CB-B2D..., webStorageEnabled: false}
Session ID: 30dba0f1-6475-43ca-b787-7ebfd44ef732
	at org.openqa.selenium.remote.http.W3CHttpResponseCodec.createException(W3CHttpResponseCodec.java:187)
	at org.openqa.selenium.remote.http.W3CHttpResponseCodec.decode(W3CHttpResponseCodec.java:122)
	at org.openqa.selenium.remote.http.W3CHttpResponseCodec.decode(W3CHttpResponseCodec.java:49)
	at org.openqa.selenium.remote.HttpCommandExecutor.execute(HttpCommandExecutor.java:158)
	at io.appium.java_client.remote.AppiumCommandExecutor.execute(AppiumCommandExecutor.java:231)
	at org.openqa.selenium.remote.RemoteWebDriver.execute(RemoteWebDriver.java:548)
	at io.appium.java_client.DefaultGenericMobileDriver.execute(DefaultGenericMobileDriver.java:42)
	at io.appium.java_client.AppiumDriver.execute(AppiumDriver.java:1)
	at io.appium.java_client.ios.IOSDriver.execute(IOSDriver.java:1)
	at io.appium.java_client.PerformsTouchActions.performTouchAction(PerformsTouchActions.java:41)
	at io.appium.java_client.TouchAction.perform(TouchAction.java:187)
	at Support.SetupServer.touchActionSwipe(SetupServer.java:232)
	at Keywords.SettingsKeywords.clickSettingOptionList(SettingsKeywords.java:50)
	at TestCases.TS010_CollectionScripts03.SetUp(TS010_CollectionScripts03.java:69)
... Removed 28 stack frames]]>
    </failure>
  </testcase> <!-- @BeforeClass SetUp -->
  <testcase classname="TestCases.TS010_CollectionScripts03" name="@AfterClass clearUp" time="0.0">
    <skipped/>
  </testcase> <!-- @AfterClass clearUp -->
  <testcase classname="TestCases.TS001_SignInScripts" name="TS001_SignInScripts_SignIn1_checkIntroductionPage" time="13.083"/>
  <testcase classname="TestCases.TS001_SignInScripts" name="TS001_SignInScripts_SignIn2_CheckEnableButton" time="8.526"/>
  <testcase classname="TestCases.TS001_SignInScripts" name="TS001_SignInScripts_SignIn3_CheckSignInScreenDisplay" time="3.115"/>
  <testcase classname="TestCases.TS001_SignInScripts" name="TS001_SignInScripts_SignIn4_NullUsername" time="7.757"/>
  <testcase classname="TestCases.TS001_SignInScripts" name="TS001_SignInScripts_SignIn5_NullPassword" time="12.145"/>
  <testcase classname="TestCases.TS001_SignInScripts" name="TS001_SignInScripts_SignIn6_CheckErrorMessage" time="19.227"/>
  <testcase classname="TestCases.TS001_SignInScripts" name="TS001_SignInScripts_SignIn6_CheckErrorMessage" time="14.48"/>
  <testcase classname="TestCases.TS001_SignInScripts" name="TS001_SignInScripts_SignIn6_CheckErrorMessage" time="15.406"/>
  <testcase classname="TestCases.TS001_SignInScripts" name="TS001_SignInScripts_SignIn6_CheckErrorMessage" time="15.85"/>
  <testcase classname="TestCases.TS001_SignInScripts" name="TS001_SignInScripts_SignIn6_CheckErrorMessage" time="14.483"/>
  <testcase classname="TestCases.TS001_SignInScripts" name="TS001_SignInScripts_SignIn6_CheckErrorMessage" time="15.239"/>
  <testcase classname="TestCases.TS001_SignInScripts" name="TS001_SignInScripts_SignIn7_SignInSuccess" time="13.492"/>
  <testcase classname="TestCases.TS002_SignUpScripts01" name="TS002_SignUpScripts01_SignUp1_CheckSignUpScreenDisplay" time="119.932"/>
  <testcase classname="TestCases.TS002_SignUpScripts01" name="TS002_SignUpScripts01_SignUp2_CheckErrorMessage" time="12.033">
    <failure type="java.lang.AssertionError" message="Test case is failed - bug 0025571: Unable to sign up account with username contains the dot">
      <![CDATA[java.lang.AssertionError: Test case is failed - bug 0025571: Unable to sign up account with username contains the dot
	at TestCases.TS002_SignUpScripts01.TS002_SignUpScripts01_SignUp2_CheckErrorMessage(TS002_SignUpScripts01.java:80)
... Removed 25 stack frames]]>
    </failure>
  </testcase> <!-- TS002_SignUpScripts01_SignUp2_CheckErrorMessage -->
  <testcase classname="TestCases.TS002_SignUpScripts01" name="TS002_SignUpScripts01_SignUp3_CheckErrorMessage" time="19.201"/>
  <testcase classname="TestCases.TS002_SignUpScripts01" name="TS002_SignUpScripts01_SignUp3_CheckErrorMessage" time="20.715"/>
  <testcase classname="TestCases.TS002_SignUpScripts01" name="TS002_SignUpScripts01_SignUp3_CheckErrorMessage" time="13.631"/>
  <testcase classname="TestCases.TS002_SignUpScripts01" name="TS002_SignUpScripts01_SignUp3_CheckErrorMessage" time="16.818"/>
  <testcase classname="TestCases.TS002_SignUpScripts01" name="TS002_SignUpScripts01_SignUp3_CheckErrorMessage" time="17.714"/>
  <testcase classname="TestCases.TS002_SignUpScripts01" name="TS002_SignUpScripts01_SignUp3_CheckErrorMessage" time="20.727"/>
  <testcase classname="TestCases.TS002_SignUpScripts01" name="TS002_SignUpScripts01_SignUp4_SignUpSuccess" time="18.978"/>
  <testcase classname="TestCases.TS002_SignUpScripts02" name="TS002_SignUpScripts02_SignUp1_SensitiveFloAccountName" time="16.604"/>
  <testcase classname="TestCases.TS002_SignUpScripts02" name="TS002_SignUpScripts02_SignUp1_SensitiveFloAccountName" time="16.462"/>
  <testcase classname="TestCases.TS002_SignUpScripts02" name="TS002_SignUpScripts02_SignUp1_SensitiveFloAccountName" time="17.412"/>
  <testcase classname="TestCases.TS002_SignUpScripts02" name="TS002_SignUpScripts02_SignUp1_SensitiveFloAccountName" time="16.696"/>
  <testcase classname="TestCases.TS002_SignUpScripts02" name="TS002_SignUpScripts02_SignUp1_SensitiveFloAccountName" time="17.423"/>
  <testcase classname="TestCases.TS002_SignUpScripts02" name="TS002_SignUpScripts02_SignUp1_SensitiveFloAccountName" time="17.03"/>
  <testcase classname="TestCases.TS002_SignUpScripts02" name="TS002_SignUpScripts02_SignUp1_SensitiveFloAccountName" time="16.417"/>
  <testcase classname="TestCases.TS002_SignUpScripts02" name="TS002_SignUpScripts02_SignUp1_SensitiveFloAccountName" time="16.744"/>
  <testcase classname="TestCases.TS002_SignUpScripts02" name="TS002_SignUpScripts02_SignUp1_SensitiveFloAccountName" time="16.755"/>
  <testcase classname="TestCases.TS002_SignUpScripts02" name="TS002_SignUpScripts02_SignUp1_SensitiveFloAccountName" time="16.251"/>
  <testcase classname="TestCases.TS002_SignUpScripts02" name="TS002_SignUpScripts02_SignUp1_SensitiveFloAccountName" time="16.46"/>
  <testcase classname="TestCases.TS002_SignUpScripts02" name="TS002_SignUpScripts02_SignUp1_SensitiveFloAccountName" time="17.37"/>
  <testcase classname="TestCases.TS002_SignUpScripts02" name="TS002_SignUpScripts02_SignUp1_SensitiveFloAccountName" time="16.82"/>
  <testcase classname="TestCases.TS002_SignUpScripts02" name="TS002_SignUpScripts02_SignUp1_SensitiveFloAccountName" time="16.568"/>
  <testcase classname="TestCases.TS002_SignUpScripts02" name="TS002_SignUpScripts02_SignUp1_SensitiveFloAccountName" time="16.474"/>
  <testcase classname="TestCases.TS002_SignUpScripts02" name="TS002_SignUpScripts02_SignUp1_SensitiveFloAccountName" time="16.935"/>
  <testcase classname="TestCases.TS002_SignUpScripts02" name="TS002_SignUpScripts02_SignUp1_SensitiveFloAccountName" time="16.473"/>
  <testcase classname="TestCases.TS002_SignUpScripts02" name="TS002_SignUpScripts02_SignUp1_SensitiveFloAccountName" time="16.134"/>
  <testcase classname="TestCases.TS002_SignUpScripts02" name="TS002_SignUpScripts02_SignUp1_SensitiveFloAccountName" time="16.678"/>
  <testcase classname="TestCases.TS002_SignUpScripts02" name="TS002_SignUpScripts02_SignUp1_SensitiveFloAccountName" time="16.487"/>
  <testcase classname="TestCases.TS002_SignUpScripts02" name="TS002_SignUpScripts02_SignUp1_SensitiveFloAccountName" time="16.627"/>
  <testcase classname="TestCases.TS002_SignUpScripts02" name="TS002_SignUpScripts02_SignUp1_SensitiveFloAccountName" time="16.364"/>
  <testcase classname="TestCases.TS002_SignUpScripts02" name="TS002_SignUpScripts02_SignUp1_SensitiveFloAccountName" time="16.39"/>
  <testcase classname="TestCases.TS002_SignUpScripts02" name="TS002_SignUpScripts02_SignUp1_SensitiveFloAccountName" time="16.127"/>
  <testcase classname="TestCases.TS002_SignUpScripts02" name="TS002_SignUpScripts02_SignUp1_SensitiveFloAccountName" time="15.784"/>
  <testcase classname="TestCases.TS002_SignUpScripts02" name="TS002_SignUpScripts02_SignUp1_SensitiveFloAccountName" time="16.295"/>
  <testcase classname="TestCases.TS002_SignUpScripts02" name="TS002_SignUpScripts02_SignUp1_SensitiveFloAccountName" time="16.787"/>
  <testcase classname="TestCases.TS002_SignUpScripts02" name="TS002_SignUpScripts02_SignUp1_SensitiveFloAccountName" time="16.417"/>
  <testcase classname="TestCases.TS002_SignUpScripts02" name="TS002_SignUpScripts02_SignUp2_BadWordsFloAccountName" time="18.822"/>
  <testcase classname="TestCases.TS002_SignUpScripts02" name="TS002_SignUpScripts02_SignUp2_BadWordsFloAccountName" time="17.1"/>
  <testcase classname="TestCases.TS002_SignUpScripts02" name="TS002_SignUpScripts02_SignUp2_BadWordsFloAccountName" time="16.792"/>
  <testcase classname="TestCases.TS002_SignUpScripts02" name="TS002_SignUpScripts02_SignUp2_BadWordsFloAccountName" time="16.869"/>
  <testcase classname="TestCases.TS002_SignUpScripts02" name="TS002_SignUpScripts02_SignUp2_BadWordsFloAccountName" time="16.834"/>
  <testcase classname="TestCases.TS002_SignUpScripts02" name="TS002_SignUpScripts02_SignUp2_BadWordsFloAccountName" time="16.873"/>
  <testcase classname="TestCases.TS002_SignUpScripts02" name="TS002_SignUpScripts02_SignUp2_BadWordsFloAccountName" time="16.197"/>
  <testcase classname="TestCases.TS002_SignUpScripts02" name="TS002_SignUpScripts02_SignUp2_BadWordsFloAccountName" time="17.085"/>
  <testcase classname="TestCases.TS002_SignUpScripts02" name="TS002_SignUpScripts02_SignUp2_BadWordsFloAccountName" time="17.111"/>
  <testcase classname="TestCases.TS002_SignUpScripts02" name="TS002_SignUpScripts02_SignUp2_BadWordsFloAccountName" time="16.222"/>
  <testcase classname="TestCases.TS002_SignUpScripts02" name="TS002_SignUpScripts02_SignUp2_BadWordsFloAccountName" time="16.791"/>
  <testcase classname="TestCases.TS002_SignUpScripts02" name="TS002_SignUpScripts02_SignUp2_BadWordsFloAccountName" time="16.488"/>
  <testcase classname="TestCases.TS002_SignUpScripts02" name="TS002_SignUpScripts02_SignUp2_BadWordsFloAccountName" time="16.78"/>
  <testcase classname="TestCases.TS002_SignUpScripts02" name="TS002_SignUpScripts02_SignUp2_BadWordsFloAccountName" time="16.808"/>
  <testcase classname="TestCases.TS002_SignUpScripts02" name="TS002_SignUpScripts02_SignUp2_BadWordsFloAccountName" time="16.504"/>
  <testcase classname="TestCases.TS002_SignUpScripts02" name="TS002_SignUpScripts02_SignUp2_BadWordsFloAccountName" time="16.827"/>
  <testcase classname="TestCases.TS002_SignUpScripts02" name="TS002_SignUpScripts02_SignUp2_BadWordsFloAccountName" time="16.694"/>
  <testcase classname="TestCases.TS002_SignUpScripts02" name="TS002_SignUpScripts02_SignUp2_BadWordsFloAccountName" time="18.945"/>
  <testcase classname="TestCases.TS002_SignUpScripts02" name="TS002_SignUpScripts02_SignUp2_BadWordsFloAccountName" time="16.511"/>
  <testcase classname="TestCases.TS002_SignUpScripts02" name="TS002_SignUpScripts02_SignUp2_BadWordsFloAccountName" time="16.883"/>
  <testcase classname="TestCases.TS002_SignUpScripts02" name="TS002_SignUpScripts02_SignUp2_BadWordsFloAccountName" time="17.47"/>
  <testcase classname="TestCases.TS002_SignUpScripts02" name="TS002_SignUpScripts02_SignUp2_BadWordsFloAccountName" time="16.768"/>
  <testcase classname="TestCases.TS002_SignUpScripts02" name="TS002_SignUpScripts02_SignUp2_BadWordsFloAccountName" time="17.101"/>
  <testcase classname="TestCases.TS002_SignUpScripts02" name="TS002_SignUpScripts02_SignUp2_BadWordsFloAccountName" time="16.706"/>
  <testcase classname="TestCases.TS002_SignUpScripts02" name="TS002_SignUpScripts02_SignUp2_BadWordsFloAccountName" time="17.143"/>
  <testcase classname="TestCases.TS002_SignUpScripts02" name="TS002_SignUpScripts02_SignUp2_BadWordsFloAccountName" time="16.6"/>
  <testcase classname="TestCases.TS002_SignUpScripts02" name="TS002_SignUpScripts02_SignUp2_BadWordsFloAccountName" time="16.51"/>
  <testcase classname="TestCases.TS002_SignUpScripts02" name="TS002_SignUpScripts02_SignUp2_BadWordsFloAccountName" time="17.498"/>
  <testcase classname="TestCases.TS002_SignUpScripts02" name="TS002_SignUpScripts02_SignUp2_BadWordsFloAccountName" time="16.821"/>
  <testcase classname="TestCases.TS002_SignUpScripts02" name="TS002_SignUpScripts02_SignUp2_BadWordsFloAccountName" time="17.049"/>
  <testcase classname="TestCases.TS002_SignUpScripts02" name="TS002_SignUpScripts02_SignUp2_BadWordsFloAccountName" time="16.869"/>
  <testcase classname="TestCases.TS002_SignUpScripts02" name="TS002_SignUpScripts02_SignUp2_BadWordsFloAccountName" time="16.782"/>
  <testcase classname="TestCases.TS002_SignUpScripts02" name="TS002_SignUpScripts02_SignUp2_BadWordsFloAccountName" time="16.817"/>
  <testcase classname="TestCases.TS002_SignUpScripts02" name="TS002_SignUpScripts02_SignUp2_BadWordsFloAccountName" time="17.0"/>
  <testcase classname="TestCases.TS002_SignUpScripts02" name="TS002_SignUpScripts02_SignUp2_BadWordsFloAccountName" time="16.686"/>
  <testcase classname="TestCases.TS002_SignUpScripts02" name="TS002_SignUpScripts02_SignUp2_BadWordsFloAccountName" time="17.214"/>
  <testcase classname="TestCases.TS002_SignUpScripts02" name="TS002_SignUpScripts02_SignUp2_BadWordsFloAccountName" time="17.152"/>
  <testcase classname="TestCases.TS002_SignUpScripts02" name="TS002_SignUpScripts02_SignUp2_BadWordsFloAccountName" time="17.129"/>
  <testcase classname="TestCases.TS002_SignUpScripts02" name="TS002_SignUpScripts02_SignUp2_BadWordsFloAccountName" time="17.402"/>
  <testcase classname="TestCases.TS002_SignUpScripts02" name="TS002_SignUpScripts02_SignUp2_BadWordsFloAccountName" time="16.267"/>
  <testcase classname="TestCases.TS002_SignUpScripts02" name="TS002_SignUpScripts02_SignUp2_BadWordsFloAccountName" time="16.546"/>
  <testcase classname="TestCases.TS002_SignUpScripts02" name="TS002_SignUpScripts02_SignUp2_BadWordsFloAccountName" time="16.677"/>
  <testcase classname="TestCases.TS002_SignUpScripts02" name="TS002_SignUpScripts02_SignUp2_BadWordsFloAccountName" time="16.326"/>
  <testcase classname="TestCases.TS002_SignUpScripts02" name="TS002_SignUpScripts02_SignUp2_BadWordsFloAccountName" time="16.649"/>
  <testcase classname="TestCases.TS002_SignUpScripts02" name="TS002_SignUpScripts02_SignUp2_BadWordsFloAccountName" time="16.568"/>
  <testcase classname="TestCases.TS002_SignUpScripts02" name="TS002_SignUpScripts02_SignUp2_BadWordsFloAccountName" time="16.686"/>
  <testcase classname="TestCases.TS002_SignUpScripts02" name="TS002_SignUpScripts02_SignUp2_BadWordsFloAccountName" time="16.768"/>
  <testcase classname="TestCases.TS002_SignUpScripts02" name="TS002_SignUpScripts02_SignUp2_BadWordsFloAccountName" time="16.908"/>
  <testcase classname="TestCases.TS002_SignUpScripts02" name="TS002_SignUpScripts02_SignUp2_BadWordsFloAccountName" time="16.28"/>
  <testcase classname="TestCases.TS002_SignUpScripts02" name="TS002_SignUpScripts02_SignUp2_BadWordsFloAccountName" time="16.685"/>
  <testcase classname="TestCases.TS002_SignUpScripts02" name="TS002_SignUpScripts02_SignUp2_BadWordsFloAccountName" time="16.752"/>
  <testcase classname="TestCases.TS002_SignUpScripts02" name="TS002_SignUpScripts02_SignUp2_BadWordsFloAccountName" time="16.251"/>
  <testcase classname="TestCases.TS002_SignUpScripts02" name="TS002_SignUpScripts02_SignUp2_BadWordsFloAccountName" time="16.496"/>
  <testcase classname="TestCases.TS002_SignUpScripts02" name="TS002_SignUpScripts02_SignUp2_BadWordsFloAccountName" time="16.071"/>
  <testcase classname="TestCases.TS002_SignUpScripts02" name="TS002_SignUpScripts02_SignUp2_BadWordsFloAccountName" time="16.878"/>
  <testcase classname="TestCases.TS002_SignUpScripts02" name="TS002_SignUpScripts02_SignUp2_BadWordsFloAccountName" time="17.404"/>
  <testcase classname="TestCases.TS002_SignUpScripts02" name="TS002_SignUpScripts02_SignUp2_BadWordsFloAccountName" time="16.829"/>
  <testcase classname="TestCases.TS002_SignUpScripts02" name="TS002_SignUpScripts02_SignUp2_BadWordsFloAccountName" time="16.883"/>
  <testcase classname="TestCases.TS002_SignUpScripts02" name="TS002_SignUpScripts02_SignUp2_BadWordsFloAccountName" time="16.685"/>
  <testcase classname="TestCases.TS002_SignUpScripts02" name="TS002_SignUpScripts02_SignUp2_BadWordsFloAccountName" time="17.083"/>
  <testcase classname="TestCases.TS002_SignUpScripts02" name="TS002_SignUpScripts02_SignUp2_BadWordsFloAccountName" time="15.717"/>
  <testcase classname="TestCases.TS002_SignUpScripts02" name="TS002_SignUpScripts02_SignUp2_BadWordsFloAccountName" time="16.65"/>
  <testcase classname="TestCases.TS002_SignUpScripts02" name="TS002_SignUpScripts02_SignUp2_BadWordsFloAccountName" time="16.852"/>
  <testcase classname="TestCases.TS002_SignUpScripts02" name="TS002_SignUpScripts02_SignUp2_BadWordsFloAccountName" time="16.207"/>
  <testcase classname="TestCases.TS002_SignUpScripts02" name="TS002_SignUpScripts02_SignUp2_BadWordsFloAccountName" time="16.495"/>
  <testcase classname="TestCases.TS002_SignUpScripts02" name="TS002_SignUpScripts02_SignUp2_BadWordsFloAccountName" time="16.975"/>
  <testcase classname="TestCases.TS002_SignUpScripts02" name="TS002_SignUpScripts02_SignUp2_BadWordsFloAccountName" time="16.188"/>
  <testcase classname="TestCases.TS002_SignUpScripts02" name="TS002_SignUpScripts02_SignUp2_BadWordsFloAccountName" time="16.646"/>
  <testcase classname="TestCases.TS002_SignUpScripts02" name="TS002_SignUpScripts02_SignUp2_BadWordsFloAccountName" time="16.798"/>
  <testcase classname="TestCases.TS002_SignUpScripts02" name="TS002_SignUpScripts02_SignUp2_BadWordsFloAccountName" time="16.354"/>
  <testcase classname="TestCases.TS002_SignUpScripts02" name="TS002_SignUpScripts02_SignUp2_BadWordsFloAccountName" time="17.032"/>
  <testcase classname="TestCases.TS002_SignUpScripts02" name="TS002_SignUpScripts02_SignUp2_BadWordsFloAccountName" time="16.532"/>
  <testcase classname="TestCases.TS002_SignUpScripts02" name="TS002_SignUpScripts02_SignUp2_BadWordsFloAccountName" time="16.881"/>
  <testcase classname="TestCases.TS002_SignUpScripts02" name="TS002_SignUpScripts02_SignUp2_BadWordsFloAccountName" time="17.355"/>
  <testcase classname="TestCases.TS002_SignUpScripts02" name="TS002_SignUpScripts02_SignUp2_BadWordsFloAccountName" time="17.19"/>
  <testcase classname="TestCases.TS002_SignUpScripts02" name="TS002_SignUpScripts02_SignUp2_BadWordsFloAccountName" time="16.638"/>
  <testcase classname="TestCases.TS002_SignUpScripts02" name="TS002_SignUpScripts02_SignUp2_BadWordsFloAccountName" time="17.22"/>
  <testcase classname="TestCases.TS002_SignUpScripts02" name="TS002_SignUpScripts02_SignUp2_BadWordsFloAccountName" time="17.33"/>
  <testcase classname="TestCases.TS002_SignUpScripts02" name="TS002_SignUpScripts02_SignUp2_BadWordsFloAccountName" time="16.269"/>
  <testcase classname="TestCases.TS002_SignUpScripts02" name="TS002_SignUpScripts02_SignUp2_BadWordsFloAccountName" time="17.281"/>
  <testcase classname="TestCases.TS002_SignUpScripts02" name="TS002_SignUpScripts02_SignUp2_BadWordsFloAccountName" time="16.998"/>
  <testcase classname="TestCases.TS002_SignUpScripts02" name="TS002_SignUpScripts02_SignUp2_BadWordsFloAccountName" time="17.371"/>
  <testcase classname="TestCases.TS002_SignUpScripts02" name="TS002_SignUpScripts02_SignUp2_BadWordsFloAccountName" time="16.384"/>
  <testcase classname="TestCases.TS002_SignUpScripts02" name="TS002_SignUpScripts02_SignUp2_BadWordsFloAccountName" time="16.841"/>
  <testcase classname="TestCases.TS002_SignUpScripts02" name="TS002_SignUpScripts02_SignUp2_BadWordsFloAccountName" time="16.704"/>
  <testcase classname="TestCases.TS002_SignUpScripts02" name="TS002_SignUpScripts02_SignUp2_BadWordsFloAccountName" time="16.818"/>
  <testcase classname="TestCases.TS002_SignUpScripts02" name="TS002_SignUpScripts02_SignUp2_BadWordsFloAccountName" time="16.762"/>
  <testcase classname="TestCases.TS002_SignUpScripts02" name="TS002_SignUpScripts02_SignUp2_BadWordsFloAccountName" time="16.724"/>
  <testcase classname="TestCases.TS002_SignUpScripts02" name="TS002_SignUpScripts02_SignUp2_BadWordsFloAccountName" time="16.758"/>
  <testcase classname="TestCases.TS002_SignUpScripts02" name="TS002_SignUpScripts02_SignUp2_BadWordsFloAccountName" time="16.988"/>
  <testcase classname="TestCases.TS002_SignUpScripts02" name="TS002_SignUpScripts02_SignUp2_BadWordsFloAccountName" time="17.27"/>
  <testcase classname="TestCases.TS002_SignUpScripts02" name="TS002_SignUpScripts02_SignUp2_BadWordsFloAccountName" time="16.96"/>
  <testcase classname="TestCases.TS002_SignUpScripts02" name="TS002_SignUpScripts02_SignUp2_BadWordsFloAccountName" time="17.164"/>
  <testcase classname="TestCases.TS002_SignUpScripts02" name="TS002_SignUpScripts02_SignUp2_BadWordsFloAccountName" time="17.258"/>
  <testcase classname="TestCases.TS002_SignUpScripts02" name="TS002_SignUpScripts02_SignUp2_BadWordsFloAccountName" time="16.992"/>
  <testcase classname="TestCases.TS002_SignUpScripts02" name="TS002_SignUpScripts02_SignUp2_BadWordsFloAccountName" time="16.899"/>
  <testcase classname="TestCases.TS002_SignUpScripts02" name="TS002_SignUpScripts02_SignUp2_BadWordsFloAccountName" time="16.752"/>
  <testcase classname="TestCases.TS002_SignUpScripts02" name="TS002_SignUpScripts02_SignUp2_BadWordsFloAccountName" time="17.182"/>
  <testcase classname="TestCases.TS002_SignUpScripts02" name="TS002_SignUpScripts02_SignUp2_BadWordsFloAccountName" time="16.937"/>
  <testcase classname="TestCases.TS002_SignUpScripts02" name="TS002_SignUpScripts02_SignUp2_BadWordsFloAccountName" time="16.631"/>
  <testcase classname="TestCases.TS002_SignUpScripts02" name="TS002_SignUpScripts02_SignUp2_BadWordsFloAccountName" time="16.204"/>
  <testcase classname="TestCases.TS002_SignUpScripts02" name="TS002_SignUpScripts02_SignUp2_BadWordsFloAccountName" time="17.146"/>
  <testcase classname="TestCases.TS002_SignUpScripts02" name="TS002_SignUpScripts02_SignUp2_BadWordsFloAccountName" time="17.35"/>
  <testcase classname="TestCases.TS002_SignUpScripts02" name="TS002_SignUpScripts02_SignUp2_BadWordsFloAccountName" time="16.897"/>
  <testcase classname="TestCases.TS002_SignUpScripts02" name="TS002_SignUpScripts02_SignUp2_BadWordsFloAccountName" time="16.528"/>
  <testcase classname="TestCases.TS002_SignUpScripts02" name="TS002_SignUpScripts02_SignUp2_BadWordsFloAccountName" time="16.6"/>
  <testcase classname="TestCases.TS002_SignUpScripts02" name="TS002_SignUpScripts02_SignUp2_BadWordsFloAccountName" time="17.171"/>
  <testcase classname="TestCases.TS002_SignUpScripts02" name="TS002_SignUpScripts02_SignUp2_BadWordsFloAccountName" time="16.699"/>
  <testcase classname="TestCases.TS002_SignUpScripts02" name="TS002_SignUpScripts02_SignUp2_BadWordsFloAccountName" time="17.079"/>
  <testcase classname="TestCases.TS002_SignUpScripts02" name="TS002_SignUpScripts02_SignUp2_BadWordsFloAccountName" time="17.185"/>
  <testcase classname="TestCases.TS002_SignUpScripts02" name="TS002_SignUpScripts02_SignUp2_BadWordsFloAccountName" time="16.694"/>
  <testcase classname="TestCases.TS002_SignUpScripts02" name="TS002_SignUpScripts02_SignUp2_BadWordsFloAccountName" time="16.592"/>
  <testcase classname="TestCases.TS002_SignUpScripts02" name="TS002_SignUpScripts02_SignUp2_BadWordsFloAccountName" time="16.804"/>
  <testcase classname="TestCases.TS002_SignUpScripts02" name="TS002_SignUpScripts02_SignUp2_BadWordsFloAccountName" time="16.047"/>
  <testcase classname="TestCases.TS002_SignUpScripts02" name="TS002_SignUpScripts02_SignUp2_BadWordsFloAccountName" time="16.103"/>
  <testcase classname="TestCases.TS002_SignUpScripts02" name="TS002_SignUpScripts02_SignUp2_BadWordsFloAccountName" time="16.729"/>
  <testcase classname="TestCases.TS002_SignUpScripts02" name="TS002_SignUpScripts02_SignUp2_BadWordsFloAccountName" time="16.866"/>
  <testcase classname="TestCases.TS002_SignUpScripts02" name="TS002_SignUpScripts02_SignUp2_BadWordsFloAccountName" time="16.776"/>
  <testcase classname="TestCases.TS002_SignUpScripts02" name="TS002_SignUpScripts02_SignUp2_BadWordsFloAccountName" time="16.774"/>
  <testcase classname="TestCases.TS002_SignUpScripts02" name="TS002_SignUpScripts02_SignUp2_BadWordsFloAccountName" time="16.972"/>
  <testcase classname="TestCases.TS002_SignUpScripts02" name="TS002_SignUpScripts02_SignUp2_BadWordsFloAccountName" time="17.155"/>
  <testcase classname="TestCases.TS002_SignUpScripts02" name="TS002_SignUpScripts02_SignUp2_BadWordsFloAccountName" time="16.5"/>
  <testcase classname="TestCases.TS002_SignUpScripts02" name="TS002_SignUpScripts02_SignUp2_BadWordsFloAccountName" time="16.573"/>
  <testcase classname="TestCases.TS002_SignUpScripts02" name="TS002_SignUpScripts02_SignUp2_BadWordsFloAccountName" time="16.356"/>
  <testcase classname="TestCases.TS002_SignUpScripts02" name="TS002_SignUpScripts02_SignUp2_BadWordsFloAccountName" time="17.392"/>
  <testcase classname="TestCases.TS002_SignUpScripts02" name="TS002_SignUpScripts02_SignUp2_BadWordsFloAccountName" time="16.549"/>
  <testcase classname="TestCases.TS002_SignUpScripts02" name="TS002_SignUpScripts02_SignUp2_BadWordsFloAccountName" time="17.004"/>
  <testcase classname="TestCases.TS002_SignUpScripts02" name="TS002_SignUpScripts02_SignUp2_BadWordsFloAccountName" time="17.261"/>
  <testcase classname="TestCases.TS002_SignUpScripts02" name="TS002_SignUpScripts02_SignUp2_BadWordsFloAccountName" time="16.985"/>
  <testcase classname="TestCases.TS002_SignUpScripts02" name="TS002_SignUpScripts02_SignUp2_BadWordsFloAccountName" time="16.408"/>
  <testcase classname="TestCases.TS002_SignUpScripts02" name="TS002_SignUpScripts02_SignUp2_BadWordsFloAccountName" time="16.3"/>
  <testcase classname="TestCases.TS002_SignUpScripts02" name="TS002_SignUpScripts02_SignUp2_BadWordsFloAccountName" time="16.811"/>
  <testcase classname="TestCases.TS002_SignUpScripts02" name="TS002_SignUpScripts02_SignUp2_BadWordsFloAccountName" time="16.461"/>
  <testcase classname="TestCases.TS002_SignUpScripts02" name="TS002_SignUpScripts02_SignUp2_BadWordsFloAccountName" time="17.197"/>
  <testcase classname="TestCases.TS002_SignUpScripts02" name="TS002_SignUpScripts02_SignUp2_BadWordsFloAccountName" time="17.022"/>
  <testcase classname="TestCases.TS002_SignUpScripts02" name="TS002_SignUpScripts02_SignUp2_BadWordsFloAccountName" time="16.497"/>
  <testcase classname="TestCases.TS002_SignUpScripts02" name="TS002_SignUpScripts02_SignUp2_BadWordsFloAccountName" time="16.256"/>
  <testcase classname="TestCases.TS002_SignUpScripts02" name="TS002_SignUpScripts02_SignUp2_BadWordsFloAccountName" time="16.145"/>
  <testcase classname="TestCases.TS002_SignUpScripts02" name="TS002_SignUpScripts02_SignUp2_BadWordsFloAccountName" time="16.461"/>
  <testcase classname="TestCases.TS002_SignUpScripts02" name="TS002_SignUpScripts02_SignUp2_BadWordsFloAccountName" time="16.289"/>
  <testcase classname="TestCases.TS002_SignUpScripts02" name="TS002_SignUpScripts02_SignUp2_BadWordsFloAccountName" time="16.698"/>
  <testcase classname="TestCases.TS002_SignUpScripts02" name="TS002_SignUpScripts02_SignUp2_BadWordsFloAccountName" time="16.98"/>
  <testcase classname="TestCases.TS002_SignUpScripts02" name="TS002_SignUpScripts02_SignUp2_BadWordsFloAccountName" time="17.07"/>
  <testcase classname="TestCases.TS002_SignUpScripts02" name="TS002_SignUpScripts02_SignUp2_BadWordsFloAccountName" time="16.852"/>
  <testcase classname="TestCases.TS002_SignUpScripts02" name="TS002_SignUpScripts02_SignUp2_BadWordsFloAccountName" time="16.847"/>
  <testcase classname="TestCases.TS002_SignUpScripts02" name="TS002_SignUpScripts02_SignUp2_BadWordsFloAccountName" time="16.827"/>
  <testcase classname="TestCases.TS002_SignUpScripts02" name="TS002_SignUpScripts02_SignUp2_BadWordsFloAccountName" time="16.723"/>
  <testcase classname="TestCases.TS002_SignUpScripts02" name="TS002_SignUpScripts02_SignUp2_BadWordsFloAccountName" time="16.796"/>
  <testcase classname="TestCases.TS002_SignUpScripts02" name="TS002_SignUpScripts02_SignUp2_BadWordsFloAccountName" time="17.004"/>
  <testcase classname="TestCases.TS002_SignUpScripts02" name="TS002_SignUpScripts02_SignUp2_BadWordsFloAccountName" time="16.95"/>
  <testcase classname="TestCases.TS002_SignUpScripts02" name="TS002_SignUpScripts02_SignUp2_BadWordsFloAccountName" time="16.914"/>
  <testcase classname="TestCases.TS002_SignUpScripts02" name="TS002_SignUpScripts02_SignUp2_BadWordsFloAccountName" time="16.31"/>
  <testcase classname="TestCases.TS002_SignUpScripts02" name="TS002_SignUpScripts02_SignUp2_BadWordsFloAccountName" time="16.843"/>
  <testcase classname="TestCases.TS002_SignUpScripts02" name="TS002_SignUpScripts02_SignUp2_BadWordsFloAccountName" time="17.405"/>
  <testcase classname="TestCases.TS002_SignUpScripts02" name="TS002_SignUpScripts02_SignUp2_BadWordsFloAccountName" time="16.972"/>
  <testcase classname="TestCases.TS002_SignUpScripts02" name="TS002_SignUpScripts02_SignUp2_BadWordsFloAccountName" time="16.65"/>
  <testcase classname="TestCases.TS002_SignUpScripts02" name="TS002_SignUpScripts02_SignUp2_BadWordsFloAccountName" time="17.225"/>
  <testcase classname="TestCases.TS002_SignUpScripts02" name="TS002_SignUpScripts02_SignUp2_BadWordsFloAccountName" time="16.994"/>
  <testcase classname="TestCases.TS002_SignUpScripts02" name="TS002_SignUpScripts02_SignUp2_BadWordsFloAccountName" time="16.68"/>
  <testcase classname="TestCases.TS002_SignUpScripts02" name="TS002_SignUpScripts02_SignUp2_BadWordsFloAccountName" time="17.106"/>
  <testcase classname="TestCases.TS002_SignUpScripts02" name="TS002_SignUpScripts02_SignUp2_BadWordsFloAccountName" time="17.358"/>
  <testcase classname="TestCases.TS002_SignUpScripts02" name="TS002_SignUpScripts02_SignUp2_BadWordsFloAccountName" time="17.015"/>
  <testcase classname="TestCases.TS002_SignUpScripts02" name="TS002_SignUpScripts02_SignUp2_BadWordsFloAccountName" time="17.821"/>
  <testcase classname="TestCases.TS002_SignUpScripts02" name="TS002_SignUpScripts02_SignUp2_BadWordsFloAccountName" time="16.88"/>
  <testcase classname="TestCases.TS002_SignUpScripts02" name="TS002_SignUpScripts02_SignUp2_BadWordsFloAccountName" time="16.297"/>
  <testcase classname="TestCases.TS002_SignUpScripts02" name="TS002_SignUpScripts02_SignUp2_BadWordsFloAccountName" time="16.455"/>
  <testcase classname="TestCases.TS002_SignUpScripts02" name="TS002_SignUpScripts02_SignUp2_BadWordsFloAccountName" time="16.171"/>
  <testcase classname="TestCases.TS002_SignUpScripts02" name="TS002_SignUpScripts02_SignUp2_BadWordsFloAccountName" time="16.804"/>
  <testcase classname="TestCases.TS002_SignUpScripts02" name="TS002_SignUpScripts02_SignUp2_BadWordsFloAccountName" time="16.501"/>
  <testcase classname="TestCases.TS002_SignUpScripts02" name="TS002_SignUpScripts02_SignUp2_BadWordsFloAccountName" time="16.942"/>
  <testcase classname="TestCases.TS002_SignUpScripts02" name="TS002_SignUpScripts02_SignUp2_BadWordsFloAccountName" time="17.045"/>
  <testcase classname="TestCases.TS002_SignUpScripts02" name="TS002_SignUpScripts02_SignUp2_BadWordsFloAccountName" time="16.878"/>
  <testcase classname="TestCases.TS002_SignUpScripts02" name="TS002_SignUpScripts02_SignUp2_BadWordsFloAccountName" time="16.73"/>
  <testcase classname="TestCases.TS002_SignUpScripts02" name="TS002_SignUpScripts02_SignUp2_BadWordsFloAccountName" time="16.192"/>
  <testcase classname="TestCases.TS002_SignUpScripts02" name="TS002_SignUpScripts02_SignUp2_BadWordsFloAccountName" time="16.801"/>
  <testcase classname="TestCases.TS002_SignUpScripts02" name="TS002_SignUpScripts02_SignUp2_BadWordsFloAccountName" time="16.181"/>
  <testcase classname="TestCases.TS002_SignUpScripts02" name="TS002_SignUpScripts02_SignUp2_BadWordsFloAccountName" time="16.417"/>
  <testcase classname="TestCases.TS002_SignUpScripts02" name="TS002_SignUpScripts02_SignUp2_BadWordsFloAccountName" time="16.962"/>
  <testcase classname="TestCases.TS002_SignUpScripts02" name="TS002_SignUpScripts02_SignUp2_BadWordsFloAccountName" time="16.755"/>
  <testcase classname="TestCases.TS002_SignUpScripts02" name="TS002_SignUpScripts02_SignUp2_BadWordsFloAccountName" time="16.133"/>
  <testcase classname="TestCases.TS002_SignUpScripts02" name="TS002_SignUpScripts02_SignUp2_BadWordsFloAccountName" time="16.748"/>
  <testcase classname="TestCases.TS002_SignUpScripts02" name="TS002_SignUpScripts02_SignUp2_BadWordsFloAccountName" time="16.4"/>
  <testcase classname="TestCases.TS002_SignUpScripts02" name="TS002_SignUpScripts02_SignUp2_BadWordsFloAccountName" time="16.653"/>
  <testcase classname="TestCases.TS002_SignUpScripts02" name="TS002_SignUpScripts02_SignUp2_BadWordsFloAccountName" time="16.449"/>
  <testcase classname="TestCases.TS002_SignUpScripts02" name="TS002_SignUpScripts02_SignUp2_BadWordsFloAccountName" time="16.473"/>
  <testcase classname="TestCases.TS002_SignUpScripts02" name="TS002_SignUpScripts02_SignUp2_BadWordsFloAccountName" time="16.895"/>
  <testcase classname="TestCases.TS002_SignUpScripts02" name="TS002_SignUpScripts02_SignUp2_BadWordsFloAccountName" time="16.855"/>
  <testcase classname="TestCases.TS002_SignUpScripts02" name="TS002_SignUpScripts02_SignUp2_BadWordsFloAccountName" time="16.04"/>
  <testcase classname="TestCases.TS002_SignUpScripts02" name="TS002_SignUpScripts02_SignUp2_BadWordsFloAccountName" time="16.934"/>
  <testcase classname="TestCases.TS002_SignUpScripts02" name="TS002_SignUpScripts02_SignUp2_BadWordsFloAccountName" time="16.217"/>
  <testcase classname="TestCases.TS002_SignUpScripts02" name="TS002_SignUpScripts02_SignUp2_BadWordsFloAccountName" time="16.787"/>
  <testcase classname="TestCases.TS002_SignUpScripts02" name="TS002_SignUpScripts02_SignUp2_BadWordsFloAccountName" time="16.248"/>
  <testcase classname="TestCases.TS002_SignUpScripts02" name="TS002_SignUpScripts02_SignUp2_BadWordsFloAccountName" time="16.817"/>
  <testcase classname="TestCases.TS002_SignUpScripts02" name="TS002_SignUpScripts02_SignUp2_BadWordsFloAccountName" time="15.884"/>
  <testcase classname="TestCases.TS002_SignUpScripts02" name="TS002_SignUpScripts02_SignUp2_BadWordsFloAccountName" time="16.394"/>
  <testcase classname="TestCases.TS002_SignUpScripts02" name="TS002_SignUpScripts02_SignUp2_BadWordsFloAccountName" time="15.925"/>
  <testcase classname="TestCases.TS002_SignUpScripts02" name="TS002_SignUpScripts02_SignUp2_BadWordsFloAccountName" time="16.981"/>
  <testcase classname="TestCases.TS002_SignUpScripts02" name="TS002_SignUpScripts02_SignUp2_BadWordsFloAccountName" time="16.675"/>
  <testcase classname="TestCases.TS002_SignUpScripts02" name="TS002_SignUpScripts02_SignUp2_BadWordsFloAccountName" time="15.969"/>
  <testcase classname="TestCases.TS002_SignUpScripts02" name="TS002_SignUpScripts02_SignUp2_BadWordsFloAccountName" time="16.324"/>
  <testcase classname="TestCases.TS002_SignUpScripts02" name="TS002_SignUpScripts02_SignUp2_BadWordsFloAccountName" time="16.24"/>
  <testcase classname="TestCases.TS002_SignUpScripts02" name="TS002_SignUpScripts02_SignUp2_BadWordsFloAccountName" time="16.637"/>
  <testcase classname="TestCases.TS002_SignUpScripts02" name="TS002_SignUpScripts02_SignUp2_BadWordsFloAccountName" time="16.122"/>
  <testcase classname="TestCases.TS002_SignUpScripts02" name="TS002_SignUpScripts02_SignUp2_BadWordsFloAccountName" time="16.624"/>
  <testcase classname="TestCases.TS002_SignUpScripts02" name="TS002_SignUpScripts02_SignUp2_BadWordsFloAccountName" time="16.358"/>
  <testcase classname="TestCases.TS002_SignUpScripts02" name="TS002_SignUpScripts02_SignUp2_BadWordsFloAccountName" time="15.998"/>
  <testcase classname="TestCases.TS002_SignUpScripts02" name="TS002_SignUpScripts02_SignUp2_BadWordsFloAccountName" time="16.418"/>
  <testcase classname="TestCases.TS002_SignUpScripts02" name="TS002_SignUpScripts02_SignUp2_BadWordsFloAccountName" time="16.342"/>
  <testcase classname="TestCases.TS002_SignUpScripts02" name="TS002_SignUpScripts02_SignUp2_BadWordsFloAccountName" time="15.801"/>
  <testcase classname="TestCases.TS002_SignUpScripts02" name="TS002_SignUpScripts02_SignUp2_BadWordsFloAccountName" time="16.317"/>
  <testcase classname="TestCases.TS002_SignUpScripts02" name="TS002_SignUpScripts02_SignUp2_BadWordsFloAccountName" time="15.517"/>
  <testcase classname="TestCases.TS002_SignUpScripts02" name="TS002_SignUpScripts02_SignUp2_BadWordsFloAccountName" time="16.299"/>
  <testcase classname="TestCases.TS002_SignUpScripts02" name="TS002_SignUpScripts02_SignUp2_BadWordsFloAccountName" time="16.109"/>
  <testcase classname="TestCases.TS002_SignUpScripts02" name="TS002_SignUpScripts02_SignUp2_BadWordsFloAccountName" time="16.057"/>
  <testcase classname="TestCases.TS002_SignUpScripts02" name="TS002_SignUpScripts02_SignUp2_BadWordsFloAccountName" time="16.685"/>
  <testcase classname="TestCases.TS002_SignUpScripts02" name="TS002_SignUpScripts02_SignUp2_BadWordsFloAccountName" time="16.149"/>
  <testcase classname="TestCases.TS002_SignUpScripts02" name="TS002_SignUpScripts02_SignUp2_BadWordsFloAccountName" time="16.363"/>
  <testcase classname="TestCases.TS002_SignUpScripts02" name="TS002_SignUpScripts02_SignUp2_BadWordsFloAccountName" time="15.565"/>
  <testcase classname="TestCases.TS002_SignUpScripts02" name="TS002_SignUpScripts02_SignUp2_BadWordsFloAccountName" time="16.153"/>
  <testcase classname="TestCases.TS002_SignUpScripts02" name="TS002_SignUpScripts02_SignUp2_BadWordsFloAccountName" time="15.718"/>
  <testcase classname="TestCases.TS002_SignUpScripts02" name="TS002_SignUpScripts02_SignUp2_BadWordsFloAccountName" time="16.217"/>
  <testcase classname="TestCases.TS002_SignUpScripts02" name="TS002_SignUpScripts02_SignUp2_BadWordsFloAccountName" time="16.183"/>
  <testcase classname="TestCases.TS002_SignUpScripts02" name="TS002_SignUpScripts02_SignUp2_BadWordsFloAccountName" time="16.049"/>
  <testcase classname="TestCases.TS002_SignUpScripts02" name="TS002_SignUpScripts02_SignUp2_BadWordsFloAccountName" time="16.669"/>
  <testcase classname="TestCases.TS002_SignUpScripts02" name="TS002_SignUpScripts02_SignUp2_BadWordsFloAccountName" time="16.431"/>
  <testcase classname="TestCases.TS002_SignUpScripts02" name="TS002_SignUpScripts02_SignUp2_BadWordsFloAccountName" time="16.231"/>
  <testcase classname="TestCases.TS002_SignUpScripts02" name="TS002_SignUpScripts02_SignUp2_BadWordsFloAccountName" time="16.571"/>
  <testcase classname="TestCases.TS002_SignUpScripts02" name="TS002_SignUpScripts02_SignUp2_BadWordsFloAccountName" time="16.497"/>
  <testcase classname="TestCases.TS002_SignUpScripts02" name="TS002_SignUpScripts02_SignUp2_BadWordsFloAccountName" time="15.601"/>
  <testcase classname="TestCases.TS002_SignUpScripts02" name="TS002_SignUpScripts02_SignUp2_BadWordsFloAccountName" time="16.379"/>
  <testcase classname="TestCases.TS002_SignUpScripts02" name="TS002_SignUpScripts02_SignUp2_BadWordsFloAccountName" time="16.476"/>
  <testcase classname="TestCases.TS002_SignUpScripts02" name="TS002_SignUpScripts02_SignUp2_BadWordsFloAccountName" time="16.217"/>
  <testcase classname="TestCases.TS002_SignUpScripts02" name="TS002_SignUpScripts02_SignUp2_BadWordsFloAccountName" time="16.088"/>
  <testcase classname="TestCases.TS002_SignUpScripts02" name="TS002_SignUpScripts02_SignUp2_BadWordsFloAccountName" time="18.012"/>
  <testcase classname="TestCases.TS002_SignUpScripts02" name="TS002_SignUpScripts02_SignUp2_BadWordsFloAccountName" time="15.575"/>
  <testcase classname="TestCases.TS002_SignUpScripts02" name="TS002_SignUpScripts02_SignUp2_BadWordsFloAccountName" time="16.675"/>
  <testcase classname="TestCases.TS002_SignUpScripts02" name="TS002_SignUpScripts02_SignUp2_BadWordsFloAccountName" time="15.781"/>
  <testcase classname="TestCases.TS002_SignUpScripts02" name="TS002_SignUpScripts02_SignUp2_BadWordsFloAccountName" time="15.495"/>
  <testcase classname="TestCases.TS002_SignUpScripts02" name="TS002_SignUpScripts02_SignUp2_BadWordsFloAccountName" time="15.615"/>
  <testcase classname="TestCases.TS002_SignUpScripts02" name="TS002_SignUpScripts02_SignUp2_BadWordsFloAccountName" time="15.984"/>
  <testcase classname="TestCases.TS002_SignUpScripts02" name="TS002_SignUpScripts02_SignUp2_BadWordsFloAccountName" time="15.819"/>
  <testcase classname="TestCases.TS002_SignUpScripts02" name="TS002_SignUpScripts02_SignUp2_BadWordsFloAccountName" time="15.64"/>
  <testcase classname="TestCases.TS002_SignUpScripts02" name="TS002_SignUpScripts02_SignUp2_BadWordsFloAccountName" time="16.237"/>
  <testcase classname="TestCases.TS002_SignUpScripts02" name="TS002_SignUpScripts02_SignUp2_BadWordsFloAccountName" time="15.867"/>
  <testcase classname="TestCases.TS002_SignUpScripts02" name="TS002_SignUpScripts02_SignUp2_BadWordsFloAccountName" time="16.511"/>
  <testcase classname="TestCases.TS002_SignUpScripts02" name="TS002_SignUpScripts02_SignUp2_BadWordsFloAccountName" time="16.523"/>
  <testcase classname="TestCases.TS002_SignUpScripts02" name="TS002_SignUpScripts02_SignUp2_BadWordsFloAccountName" time="16.307"/>
  <testcase classname="TestCases.TS002_SignUpScripts02" name="TS002_SignUpScripts02_SignUp2_BadWordsFloAccountName" time="16.645"/>
  <testcase classname="TestCases.TS002_SignUpScripts02" name="TS002_SignUpScripts02_SignUp2_BadWordsFloAccountName" time="17.197"/>
  <testcase classname="TestCases.TS002_SignUpScripts02" name="TS002_SignUpScripts02_SignUp2_BadWordsFloAccountName" time="16.198"/>
  <testcase classname="TestCases.TS002_SignUpScripts02" name="TS002_SignUpScripts02_SignUp2_BadWordsFloAccountName" time="16.802"/>
  <testcase classname="TestCases.TS002_SignUpScripts02" name="TS002_SignUpScripts02_SignUp2_BadWordsFloAccountName" time="16.159"/>
  <testcase classname="TestCases.TS002_SignUpScripts02" name="TS002_SignUpScripts02_SignUp2_BadWordsFloAccountName" time="15.615"/>
  <testcase classname="TestCases.TS002_SignUpScripts02" name="TS002_SignUpScripts02_SignUp2_BadWordsFloAccountName" time="16.427"/>
  <testcase classname="TestCases.TS002_SignUpScripts02" name="TS002_SignUpScripts02_SignUp2_BadWordsFloAccountName" time="15.706"/>
  <testcase classname="TestCases.TS002_SignUpScripts02" name="TS002_SignUpScripts02_SignUp2_BadWordsFloAccountName" time="16.19"/>
  <testcase classname="TestCases.TS002_SignUpScripts02" name="TS002_SignUpScripts02_SignUp2_BadWordsFloAccountName" time="15.9"/>
  <testcase classname="TestCases.TS002_SignUpScripts02" name="TS002_SignUpScripts02_SignUp2_BadWordsFloAccountName" time="16.346"/>
  <testcase classname="TestCases.TS002_SignUpScripts02" name="TS002_SignUpScripts02_SignUp2_BadWordsFloAccountName" time="16.102"/>
  <testcase classname="TestCases.TS002_SignUpScripts02" name="TS002_SignUpScripts02_SignUp2_BadWordsFloAccountName" time="16.264"/>
  <testcase classname="TestCases.TS002_SignUpScripts02" name="TS002_SignUpScripts02_SignUp2_BadWordsFloAccountName" time="16.515"/>
  <testcase classname="TestCases.TS002_SignUpScripts02" name="TS002_SignUpScripts02_SignUp2_BadWordsFloAccountName" time="16.439"/>
  <testcase classname="TestCases.TS002_SignUpScripts02" name="TS002_SignUpScripts02_SignUp2_BadWordsFloAccountName" time="15.956"/>
  <testcase classname="TestCases.TS002_SignUpScripts02" name="TS002_SignUpScripts02_SignUp2_BadWordsFloAccountName" time="16.736"/>
  <testcase classname="TestCases.TS002_SignUpScripts02" name="TS002_SignUpScripts02_SignUp2_BadWordsFloAccountName" time="16.047"/>
  <testcase classname="TestCases.TS002_SignUpScripts02" name="TS002_SignUpScripts02_SignUp2_BadWordsFloAccountName" time="15.989"/>
  <testcase classname="TestCases.TS002_SignUpScripts02" name="TS002_SignUpScripts02_SignUp2_BadWordsFloAccountName" time="16.53"/>
  <testcase classname="TestCases.TS002_SignUpScripts02" name="TS002_SignUpScripts02_SignUp2_BadWordsFloAccountName" time="15.988"/>
  <testcase classname="TestCases.TS002_SignUpScripts02" name="TS002_SignUpScripts02_SignUp2_BadWordsFloAccountName" time="16.498"/>
  <testcase classname="TestCases.TS002_SignUpScripts02" name="TS002_SignUpScripts02_SignUp2_BadWordsFloAccountName" time="16.181"/>
  <testcase classname="TestCases.TS002_SignUpScripts02" name="TS002_SignUpScripts02_SignUp2_BadWordsFloAccountName" time="16.627"/>
  <testcase classname="TestCases.TS002_SignUpScripts02" name="TS002_SignUpScripts02_SignUp2_BadWordsFloAccountName" time="16.438"/>
  <testcase classname="TestCases.TS002_SignUpScripts02" name="TS002_SignUpScripts02_SignUp2_BadWordsFloAccountName" time="16.484"/>
  <testcase classname="TestCases.TS002_SignUpScripts02" name="TS002_SignUpScripts02_SignUp2_BadWordsFloAccountName" time="16.411"/>
  <testcase classname="TestCases.TS002_SignUpScripts02" name="TS002_SignUpScripts02_SignUp2_BadWordsFloAccountName" time="15.767"/>
  <testcase classname="TestCases.TS002_SignUpScripts02" name="TS002_SignUpScripts02_SignUp2_BadWordsFloAccountName" time="16.234"/>
  <testcase classname="TestCases.TS002_SignUpScripts02" name="TS002_SignUpScripts02_SignUp2_BadWordsFloAccountName" time="15.563"/>
  <testcase classname="TestCases.TS002_SignUpScripts02" name="TS002_SignUpScripts02_SignUp2_BadWordsFloAccountName" time="16.043"/>
  <testcase classname="TestCases.TS002_SignUpScripts02" name="TS002_SignUpScripts02_SignUp2_BadWordsFloAccountName" time="15.903"/>
  <testcase classname="TestCases.TS002_SignUpScripts02" name="TS002_SignUpScripts02_SignUp2_BadWordsFloAccountName" time="16.538"/>
  <testcase classname="TestCases.TS002_SignUpScripts02" name="TS002_SignUpScripts02_SignUp2_BadWordsFloAccountName" time="15.765"/>
  <testcase classname="TestCases.TS002_SignUpScripts02" name="TS002_SignUpScripts02_SignUp2_BadWordsFloAccountName" time="16.279"/>
  <testcase classname="TestCases.TS002_SignUpScripts02" name="TS002_SignUpScripts02_SignUp2_BadWordsFloAccountName" time="15.645"/>
  <testcase classname="TestCases.TS002_SignUpScripts02" name="TS002_SignUpScripts02_SignUp2_BadWordsFloAccountName" time="16.1"/>
  <testcase classname="TestCases.TS002_SignUpScripts02" name="TS002_SignUpScripts02_SignUp2_BadWordsFloAccountName" time="15.601"/>
  <testcase classname="TestCases.TS002_SignUpScripts02" name="TS002_SignUpScripts02_SignUp2_BadWordsFloAccountName" time="16.397"/>
  <testcase classname="TestCases.TS002_SignUpScripts02" name="TS002_SignUpScripts02_SignUp2_BadWordsFloAccountName" time="15.45"/>
  <testcase classname="TestCases.TS002_SignUpScripts02" name="TS002_SignUpScripts02_SignUp2_BadWordsFloAccountName" time="16.15"/>
  <testcase classname="TestCases.TS002_SignUpScripts02" name="TS002_SignUpScripts02_SignUp2_BadWordsFloAccountName" time="16.755"/>
  <testcase classname="TestCases.TS002_SignUpScripts02" name="TS002_SignUpScripts02_SignUp2_BadWordsFloAccountName" time="16.097"/>
  <testcase classname="TestCases.TS002_SignUpScripts02" name="TS002_SignUpScripts02_SignUp2_BadWordsFloAccountName" time="16.512"/>
  <testcase classname="TestCases.TS002_SignUpScripts02" name="TS002_SignUpScripts02_SignUp2_BadWordsFloAccountName" time="15.862"/>
  <testcase classname="TestCases.TS002_SignUpScripts02" name="TS002_SignUpScripts02_SignUp2_BadWordsFloAccountName" time="15.639"/>
  <testcase classname="TestCases.TS002_SignUpScripts02" name="TS002_SignUpScripts02_SignUp2_BadWordsFloAccountName" time="16.281"/>
  <testcase classname="TestCases.TS002_SignUpScripts02" name="TS002_SignUpScripts02_SignUp2_BadWordsFloAccountName" time="16.402"/>
  <testcase classname="TestCases.TS002_SignUpScripts02" name="TS002_SignUpScripts02_SignUp2_BadWordsFloAccountName" time="15.629"/>
  <testcase classname="TestCases.TS002_SignUpScripts02" name="TS002_SignUpScripts02_SignUp2_BadWordsFloAccountName" time="16.971"/>
  <testcase classname="TestCases.TS002_SignUpScripts02" name="TS002_SignUpScripts02_SignUp2_BadWordsFloAccountName" time="16.41"/>
  <testcase classname="TestCases.TS002_SignUpScripts02" name="TS002_SignUpScripts02_SignUp2_BadWordsFloAccountName" time="16.216"/>
  <testcase classname="TestCases.TS002_SignUpScripts02" name="TS002_SignUpScripts02_SignUp2_BadWordsFloAccountName" time="15.826"/>
  <testcase classname="TestCases.TS002_SignUpScripts02" name="TS002_SignUpScripts02_SignUp2_BadWordsFloAccountName" time="15.851"/>
  <testcase classname="TestCases.TS002_SignUpScripts02" name="TS002_SignUpScripts02_SignUp2_BadWordsFloAccountName" time="16.078"/>
  <testcase classname="TestCases.TS002_SignUpScripts02" name="TS002_SignUpScripts02_SignUp2_BadWordsFloAccountName" time="15.571"/>
  <testcase classname="TestCases.TS002_SignUpScripts02" name="TS002_SignUpScripts02_SignUp2_BadWordsFloAccountName" time="16.656"/>
  <testcase classname="TestCases.TS002_SignUpScripts02" name="TS002_SignUpScripts02_SignUp2_BadWordsFloAccountName" time="15.647"/>
  <testcase classname="TestCases.TS002_SignUpScripts02" name="TS002_SignUpScripts02_SignUp2_BadWordsFloAccountName" time="16.362"/>
  <testcase classname="TestCases.TS002_SignUpScripts02" name="TS002_SignUpScripts02_SignUp2_BadWordsFloAccountName" time="15.894"/>
  <testcase classname="TestCases.TS002_SignUpScripts02" name="TS002_SignUpScripts02_SignUp2_BadWordsFloAccountName" time="16.39"/>
  <testcase classname="TestCases.TS002_SignUpScripts02" name="TS002_SignUpScripts02_SignUp2_BadWordsFloAccountName" time="16.208"/>
  <testcase classname="TestCases.TS002_SignUpScripts02" name="TS002_SignUpScripts02_SignUp2_BadWordsFloAccountName" time="16.269"/>
  <testcase classname="TestCases.TS002_SignUpScripts02" name="TS002_SignUpScripts02_SignUp2_BadWordsFloAccountName" time="15.545"/>
  <testcase classname="TestCases.TS002_SignUpScripts02" name="TS002_SignUpScripts02_SignUp2_BadWordsFloAccountName" time="16.226"/>
  <testcase classname="TestCases.TS002_SignUpScripts02" name="TS002_SignUpScripts02_SignUp2_BadWordsFloAccountName" time="15.548"/>
  <testcase classname="TestCases.TS002_SignUpScripts02" name="TS002_SignUpScripts02_SignUp2_BadWordsFloAccountName" time="16.2"/>
  <testcase classname="TestCases.TS002_SignUpScripts02" name="TS002_SignUpScripts02_SignUp2_BadWordsFloAccountName" time="16.259"/>
  <testcase classname="TestCases.TS002_SignUpScripts02" name="TS002_SignUpScripts02_SignUp2_BadWordsFloAccountName" time="16.409"/>
  <testcase classname="TestCases.TS002_SignUpScripts02" name="TS002_SignUpScripts02_SignUp2_BadWordsFloAccountName" time="16.33"/>
  <testcase classname="TestCases.TS002_SignUpScripts02" name="TS002_SignUpScripts02_SignUp2_BadWordsFloAccountName" time="16.002"/>
  <testcase classname="TestCases.TS002_SignUpScripts02" name="TS002_SignUpScripts02_SignUp2_BadWordsFloAccountName" time="16.12"/>
  <testcase classname="TestCases.TS002_SignUpScripts02" name="TS002_SignUpScripts02_SignUp2_BadWordsFloAccountName" time="16.131"/>
  <testcase classname="TestCases.TS002_SignUpScripts02" name="TS002_SignUpScripts02_SignUp2_BadWordsFloAccountName" time="16.275"/>
  <testcase classname="TestCases.TS002_SignUpScripts02" name="TS002_SignUpScripts02_SignUp2_BadWordsFloAccountName" time="15.922"/>
  <testcase classname="TestCases.TS002_SignUpScripts02" name="TS002_SignUpScripts02_SignUp2_BadWordsFloAccountName" time="16.001"/>
  <testcase classname="TestCases.TS002_SignUpScripts02" name="TS002_SignUpScripts02_SignUp2_BadWordsFloAccountName" time="16.198"/>
  <testcase classname="TestCases.TS002_SignUpScripts02" name="TS002_SignUpScripts02_SignUp2_BadWordsFloAccountName" time="16.13"/>
  <testcase classname="TestCases.TS002_SignUpScripts02" name="TS002_SignUpScripts02_SignUp2_BadWordsFloAccountName" time="16.369"/>
  <testcase classname="TestCases.TS002_SignUpScripts02" name="TS002_SignUpScripts02_SignUp2_BadWordsFloAccountName" time="17.053"/>
  <testcase classname="TestCases.TS002_SignUpScripts02" name="TS002_SignUpScripts02_SignUp2_BadWordsFloAccountName" time="15.546"/>
  <testcase classname="TestCases.TS002_SignUpScripts02" name="TS002_SignUpScripts02_SignUp2_BadWordsFloAccountName" time="16.331"/>
  <testcase classname="TestCases.TS002_SignUpScripts02" name="TS002_SignUpScripts02_SignUp2_BadWordsFloAccountName" time="15.78"/>
  <testcase classname="TestCases.TS002_SignUpScripts02" name="TS002_SignUpScripts02_SignUp2_BadWordsFloAccountName" time="16.39"/>
  <testcase classname="TestCases.TS002_SignUpScripts02" name="TS002_SignUpScripts02_SignUp2_BadWordsFloAccountName" time="16.253"/>
  <testcase classname="TestCases.TS002_SignUpScripts02" name="TS002_SignUpScripts02_SignUp2_BadWordsFloAccountName" time="16.144"/>
  <testcase classname="TestCases.TS002_SignUpScripts02" name="TS002_SignUpScripts02_SignUp2_BadWordsFloAccountName" time="16.055"/>
  <testcase classname="TestCases.TS002_SignUpScripts02" name="TS002_SignUpScripts02_SignUp2_BadWordsFloAccountName" time="16.399"/>
  <testcase classname="TestCases.TS002_SignUpScripts02" name="TS002_SignUpScripts02_SignUp2_BadWordsFloAccountName" time="16.156"/>
  <testcase classname="TestCases.TS002_SignUpScripts02" name="TS002_SignUpScripts02_SignUp2_BadWordsFloAccountName" time="16.252"/>
  <testcase classname="TestCases.TS002_SignUpScripts02" name="TS002_SignUpScripts02_SignUp2_BadWordsFloAccountName" time="16.461"/>
  <testcase classname="TestCases.TS002_SignUpScripts02" name="TS002_SignUpScripts02_SignUp2_BadWordsFloAccountName" time="15.824"/>
  <testcase classname="TestCases.TS002_SignUpScripts02" name="TS002_SignUpScripts02_SignUp2_BadWordsFloAccountName" time="15.674"/>
  <testcase classname="TestCases.TS002_SignUpScripts02" name="TS002_SignUpScripts02_SignUp2_BadWordsFloAccountName" time="16.276"/>
  <testcase classname="TestCases.TS002_SignUpScripts02" name="TS002_SignUpScripts02_SignUp2_BadWordsFloAccountName" time="16.349"/>
  <testcase classname="TestCases.TS002_SignUpScripts02" name="TS002_SignUpScripts02_SignUp2_BadWordsFloAccountName" time="15.653"/>
  <testcase classname="TestCases.TS002_SignUpScripts02" name="TS002_SignUpScripts02_SignUp2_BadWordsFloAccountName" time="16.245"/>
  <testcase classname="TestCases.TS002_SignUpScripts02" name="TS002_SignUpScripts02_SignUp2_BadWordsFloAccountName" time="16.407"/>
  <testcase classname="TestCases.TS002_SignUpScripts02" name="TS002_SignUpScripts02_SignUp2_BadWordsFloAccountName" time="16.196"/>
  <testcase classname="TestCases.TS002_SignUpScripts02" name="TS002_SignUpScripts02_SignUp2_BadWordsFloAccountName" time="16.417"/>
  <testcase classname="TestCases.TS002_SignUpScripts02" name="TS002_SignUpScripts02_SignUp2_BadWordsFloAccountName" time="16.334"/>
  <testcase classname="TestCases.TS002_SignUpScripts02" name="TS002_SignUpScripts02_SignUp2_BadWordsFloAccountName" time="15.748"/>
  <testcase classname="TestCases.TS002_SignUpScripts02" name="TS002_SignUpScripts02_SignUp2_BadWordsFloAccountName" time="16.277"/>
  <testcase classname="TestCases.TS002_SignUpScripts02" name="TS002_SignUpScripts02_SignUp2_BadWordsFloAccountName" time="16.288"/>
  <testcase classname="TestCases.TS002_SignUpScripts02" name="TS002_SignUpScripts02_SignUp2_BadWordsFloAccountName" time="16.311"/>
  <testcase classname="TestCases.TS002_SignUpScripts02" name="TS002_SignUpScripts02_SignUp2_BadWordsFloAccountName" time="16.573"/>
  <testcase classname="TestCases.TS002_SignUpScripts02" name="TS002_SignUpScripts02_SignUp2_BadWordsFloAccountName" time="16.01"/>
  <testcase classname="TestCases.TS002_SignUpScripts02" name="TS002_SignUpScripts02_SignUp2_BadWordsFloAccountName" time="15.605"/>
  <testcase classname="TestCases.TS002_SignUpScripts02" name="TS002_SignUpScripts02_SignUp2_BadWordsFloAccountName" time="16.487"/>
  <testcase classname="TestCases.TS002_SignUpScripts02" name="TS002_SignUpScripts02_SignUp2_BadWordsFloAccountName" time="15.748"/>
  <testcase classname="TestCases.TS002_SignUpScripts02" name="TS002_SignUpScripts02_SignUp2_BadWordsFloAccountName" time="16.517"/>
  <testcase classname="TestCases.TS002_SignUpScripts02" name="TS002_SignUpScripts02_SignUp2_BadWordsFloAccountName" time="16.187"/>
  <testcase classname="TestCases.TS002_SignUpScripts02" name="TS002_SignUpScripts02_SignUp2_BadWordsFloAccountName" time="16.411"/>
  <testcase classname="TestCases.TS002_SignUpScripts02" name="TS002_SignUpScripts02_SignUp2_BadWordsFloAccountName" time="16.233"/>
  <testcase classname="TestCases.TS002_SignUpScripts02" name="TS002_SignUpScripts02_SignUp2_BadWordsFloAccountName" time="15.856"/>
  <testcase classname="TestCases.TS002_SignUpScripts02" name="TS002_SignUpScripts02_SignUp2_BadWordsFloAccountName" time="16.347"/>
  <testcase classname="TestCases.TS002_SignUpScripts02" name="TS002_SignUpScripts02_SignUp2_BadWordsFloAccountName" time="16.657"/>
  <testcase classname="TestCases.TS002_SignUpScripts02" name="TS002_SignUpScripts02_SignUp2_BadWordsFloAccountName" time="15.569"/>
  <testcase classname="TestCases.TS002_SignUpScripts02" name="TS002_SignUpScripts02_SignUp2_BadWordsFloAccountName" time="16.421"/>
  <testcase classname="TestCases.TS002_SignUpScripts02" name="TS002_SignUpScripts02_SignUp2_BadWordsFloAccountName" time="16.673"/>
  <testcase classname="TestCases.TS002_SignUpScripts02" name="TS002_SignUpScripts02_SignUp2_BadWordsFloAccountName" time="16.033"/>
  <testcase classname="TestCases.TS002_SignUpScripts02" name="TS002_SignUpScripts02_SignUp2_BadWordsFloAccountName" time="16.594"/>
  <testcase classname="TestCases.TS002_SignUpScripts02" name="TS002_SignUpScripts02_SignUp2_BadWordsFloAccountName" time="15.611"/>
  <testcase classname="TestCases.TS002_SignUpScripts02" name="TS002_SignUpScripts02_SignUp2_BadWordsFloAccountName" time="16.416"/>
  <testcase classname="TestCases.TS002_SignUpScripts02" name="TS002_SignUpScripts02_SignUp2_BadWordsFloAccountName" time="16.192"/>
  <testcase classname="TestCases.TS002_SignUpScripts02" name="TS002_SignUpScripts02_SignUp2_BadWordsFloAccountName" time="16.629"/>
  <testcase classname="TestCases.TS002_SignUpScripts02" name="TS002_SignUpScripts02_SignUp2_BadWordsFloAccountName" time="15.9"/>
  <testcase classname="TestCases.TS002_SignUpScripts02" name="TS002_SignUpScripts02_SignUp2_BadWordsFloAccountName" time="17.074"/>
  <testcase classname="TestCases.TS002_SignUpScripts02" name="TS002_SignUpScripts02_SignUp2_BadWordsFloAccountName" time="15.588"/>
  <testcase classname="TestCases.TS002_SignUpScripts02" name="TS002_SignUpScripts02_SignUp2_BadWordsFloAccountName" time="16.136"/>
  <testcase classname="TestCases.TS002_SignUpScripts02" name="TS002_SignUpScripts02_SignUp2_BadWordsFloAccountName" time="15.818"/>
  <testcase classname="TestCases.TS002_SignUpScripts02" name="TS002_SignUpScripts02_SignUp2_BadWordsFloAccountName" time="16.591"/>
  <testcase classname="TestCases.TS002_SignUpScripts02" name="TS002_SignUpScripts02_SignUp2_BadWordsFloAccountName" time="16.144"/>
  <testcase classname="TestCases.TS002_SignUpScripts02" name="TS002_SignUpScripts02_SignUp2_BadWordsFloAccountName" time="16.172"/>
  <testcase classname="TestCases.TS002_SignUpScripts02" name="TS002_SignUpScripts02_SignUp2_BadWordsFloAccountName" time="16.053"/>
  <testcase classname="TestCases.TS002_SignUpScripts02" name="TS002_SignUpScripts02_SignUp2_BadWordsFloAccountName" time="16.019"/>
  <testcase classname="TestCases.TS002_SignUpScripts02" name="TS002_SignUpScripts02_SignUp2_BadWordsFloAccountName" time="16.303"/>
  <testcase classname="TestCases.TS002_SignUpScripts02" name="TS002_SignUpScripts02_SignUp2_BadWordsFloAccountName" time="16.296"/>
  <testcase classname="TestCases.TS002_SignUpScripts02" name="TS002_SignUpScripts02_SignUp2_BadWordsFloAccountName" time="15.601"/>
  <testcase classname="TestCases.TS002_SignUpScripts02" name="TS002_SignUpScripts02_SignUp2_BadWordsFloAccountName" time="16.374"/>
  <testcase classname="TestCases.TS002_SignUpScripts02" name="TS002_SignUpScripts02_SignUp2_BadWordsFloAccountName" time="15.932"/>
  <testcase classname="TestCases.TS002_SignUpScripts02" name="TS002_SignUpScripts02_SignUp2_BadWordsFloAccountName" time="16.043"/>
  <testcase classname="TestCases.TS002_SignUpScripts02" name="TS002_SignUpScripts02_SignUp2_BadWordsFloAccountName" time="16.765"/>
  <testcase classname="TestCases.TS002_SignUpScripts02" name="TS002_SignUpScripts02_SignUp2_BadWordsFloAccountName" time="16.25"/>
  <testcase classname="TestCases.TS002_SignUpScripts02" name="TS002_SignUpScripts02_SignUp2_BadWordsFloAccountName" time="15.587"/>
  <testcase classname="TestCases.TS002_SignUpScripts02" name="TS002_SignUpScripts02_SignUp2_BadWordsFloAccountName" time="16.649"/>
  <testcase classname="TestCases.TS002_SignUpScripts02" name="TS002_SignUpScripts02_SignUp2_BadWordsFloAccountName" time="15.525"/>
  <testcase classname="TestCases.TS002_SignUpScripts02" name="TS002_SignUpScripts02_SignUp2_BadWordsFloAccountName" time="16.324"/>
  <testcase classname="TestCases.TS002_SignUpScripts02" name="TS002_SignUpScripts02_SignUp2_BadWordsFloAccountName" time="16.379"/>
  <testcase classname="TestCases.TS002_SignUpScripts02" name="TS002_SignUpScripts02_SignUp2_BadWordsFloAccountName" time="16.887"/>
  <testcase classname="TestCases.TS002_SignUpScripts02" name="TS002_SignUpScripts02_SignUp2_BadWordsFloAccountName" time="15.787"/>
  <testcase classname="TestCases.TS002_SignUpScripts02" name="TS002_SignUpScripts02_SignUp2_BadWordsFloAccountName" time="16.098"/>
  <testcase classname="TestCases.TS002_SignUpScripts02" name="TS002_SignUpScripts02_SignUp2_BadWordsFloAccountName" time="16.571"/>
  <testcase classname="TestCases.TS002_SignUpScripts02" name="TS002_SignUpScripts02_SignUp2_BadWordsFloAccountName" time="16.378"/>
  <testcase classname="TestCases.TS002_SignUpScripts02" name="TS002_SignUpScripts02_SignUp2_BadWordsFloAccountName" time="16.129"/>
  <testcase classname="TestCases.TS002_SignUpScripts02" name="TS002_SignUpScripts02_SignUp2_BadWordsFloAccountName" time="16.525"/>
  <testcase classname="TestCases.TS002_SignUpScripts02" name="TS002_SignUpScripts02_SignUp2_BadWordsFloAccountName" time="16.211"/>
  <testcase classname="TestCases.TS002_SignUpScripts02" name="TS002_SignUpScripts02_SignUp2_BadWordsFloAccountName" time="15.536"/>
  <testcase classname="TestCases.TS002_SignUpScripts02" name="TS002_SignUpScripts02_SignUp2_BadWordsFloAccountName" time="15.802"/>
  <testcase classname="TestCases.TS002_SignUpScripts02" name="TS002_SignUpScripts02_SignUp2_BadWordsFloAccountName" time="15.571"/>
  <testcase classname="TestCases.TS002_SignUpScripts02" name="TS002_SignUpScripts02_SignUp2_BadWordsFloAccountName" time="15.556"/>
  <testcase classname="TestCases.TS002_SignUpScripts02" name="TS002_SignUpScripts02_SignUp2_BadWordsFloAccountName" time="16.138"/>
  <testcase classname="TestCases.TS002_SignUpScripts02" name="TS002_SignUpScripts02_SignUp2_BadWordsFloAccountName" time="15.432"/>
  <testcase classname="TestCases.TS002_SignUpScripts02" name="TS002_SignUpScripts02_SignUp2_BadWordsFloAccountName" time="16.258"/>
  <testcase classname="TestCases.TS002_SignUpScripts02" name="TS002_SignUpScripts02_SignUp2_BadWordsFloAccountName" time="16.169"/>
  <testcase classname="TestCases.TS002_SignUpScripts02" name="TS002_SignUpScripts02_SignUp2_BadWordsFloAccountName" time="15.627"/>
  <testcase classname="TestCases.TS002_SignUpScripts02" name="TS002_SignUpScripts02_SignUp2_BadWordsFloAccountName" time="16.25"/>
  <testcase classname="TestCases.TS002_SignUpScripts02" name="TS002_SignUpScripts02_SignUp2_BadWordsFloAccountName" time="15.593"/>
  <testcase classname="TestCases.TS002_SignUpScripts02" name="TS002_SignUpScripts02_SignUp2_BadWordsFloAccountName" time="16.1"/>
  <testcase classname="TestCases.TS002_SignUpScripts02" name="TS002_SignUpScripts02_SignUp2_BadWordsFloAccountName" time="15.928"/>
  <testcase classname="TestCases.TS002_SignUpScripts02" name="TS002_SignUpScripts02_SignUp2_BadWordsFloAccountName" time="16.046"/>
  <testcase classname="TestCases.TS002_SignUpScripts02" name="TS002_SignUpScripts02_SignUp2_BadWordsFloAccountName" time="15.889"/>
  <testcase classname="TestCases.TS002_SignUpScripts02" name="TS002_SignUpScripts02_SignUp2_BadWordsFloAccountName" time="16.094"/>
  <testcase classname="TestCases.TS002_SignUpScripts02" name="TS002_SignUpScripts02_SignUp2_BadWordsFloAccountName" time="16.217"/>
  <testcase classname="TestCases.TS002_SignUpScripts02" name="TS002_SignUpScripts02_SignUp2_BadWordsFloAccountName" time="16.728"/>
  <testcase classname="TestCases.TS002_SignUpScripts02" name="TS002_SignUpScripts02_SignUp2_BadWordsFloAccountName" time="15.695"/>
  <testcase classname="TestCases.TS002_SignUpScripts02" name="TS002_SignUpScripts02_SignUp2_BadWordsFloAccountName" time="15.73"/>
  <testcase classname="TestCases.TS002_SignUpScripts02" name="TS002_SignUpScripts02_SignUp3_BadWordsFloAccountName" time="10.977"/>
  <testcase classname="TestCases.TS002_SignUpScripts02" name="TS002_SignUpScripts02_SignUp3_BadWordsFloAccountName" time="12.052"/>
  <testcase classname="TestCases.TS002_SignUpScripts02" name="TS002_SignUpScripts02_SignUp3_BadWordsFloAccountName" time="11.901"/>
  <testcase classname="TestCases.TS002_SignUpScripts02" name="TS002_SignUpScripts02_SignUp3_BadWordsFloAccountName" time="12.748"/>
  <testcase classname="TestCases.TS002_SignUpScripts02" name="TS002_SignUpScripts02_SignUp3_BadWordsFloAccountName" time="12.18"/>
  <testcase classname="TestCases.TS002_SignUpScripts02" name="TS002_SignUpScripts02_SignUp3_BadWordsFloAccountName" time="12.57"/>
  <testcase classname="TestCases.TS002_SignUpScripts02" name="TS002_SignUpScripts02_SignUp3_BadWordsFloAccountName" time="12.2"/>
  <testcase classname="TestCases.TS002_SignUpScripts02" name="TS002_SignUpScripts02_SignUp3_BadWordsFloAccountName" time="12.099"/>
  <testcase classname="TestCases.TS002_SignUpScripts02" name="TS002_SignUpScripts02_SignUp3_BadWordsFloAccountName" time="12.399"/>
  <testcase classname="TestCases.TS002_SignUpScripts02" name="TS002_SignUpScripts02_SignUp3_BadWordsFloAccountName" time="11.902"/>
  <testcase classname="TestCases.TS002_SignUpScripts02" name="TS002_SignUpScripts02_SignUp3_BadWordsFloAccountName" time="12.16"/>
  <testcase classname="TestCases.TS002_SignUpScripts02" name="TS002_SignUpScripts02_SignUp3_BadWordsFloAccountName" time="12.16"/>
  <testcase classname="TestCases.TS002_SignUpScripts02" name="TS002_SignUpScripts02_SignUp3_BadWordsFloAccountName" time="12.227"/>
  <testcase classname="TestCases.TS002_SignUpScripts02" name="TS002_SignUpScripts02_SignUp3_BadWordsFloAccountName" time="12.701"/>
  <testcase classname="TestCases.TS002_SignUpScripts02" name="TS002_SignUpScripts02_SignUp3_BadWordsFloAccountName" time="12.658"/>
  <testcase classname="TestCases.TS002_SignUpScripts02" name="TS002_SignUpScripts02_SignUp3_BadWordsFloAccountName" time="12.254"/>
  <testcase classname="TestCases.TS002_SignUpScripts02" name="TS002_SignUpScripts02_SignUp3_BadWordsFloAccountName" time="12.388"/>
  <testcase classname="TestCases.TS002_SignUpScripts02" name="TS002_SignUpScripts02_SignUp3_BadWordsFloAccountName" time="12.152"/>
  <testcase classname="TestCases.TS002_SignUpScripts02" name="TS002_SignUpScripts02_SignUp3_BadWordsFloAccountName" time="12.828"/>
  <testcase classname="TestCases.TS002_SignUpScripts02" name="TS002_SignUpScripts02_SignUp3_BadWordsFloAccountName" time="12.169"/>
  <testcase classname="TestCases.TS002_SignUpScripts02" name="TS002_SignUpScripts02_SignUp3_BadWordsFloAccountName" time="12.563"/>
  <testcase classname="TestCases.TS002_SignUpScripts02" name="TS002_SignUpScripts02_SignUp3_BadWordsFloAccountName" time="12.103"/>
  <testcase classname="TestCases.TS002_SignUpScripts02" name="TS002_SignUpScripts02_SignUp3_BadWordsFloAccountName" time="12.011"/>
  <testcase classname="TestCases.TS002_SignUpScripts02" name="TS002_SignUpScripts02_SignUp3_BadWordsFloAccountName" time="11.978"/>
  <testcase classname="TestCases.TS002_SignUpScripts02" name="TS002_SignUpScripts02_SignUp3_BadWordsFloAccountName" time="12.948"/>
  <testcase classname="TestCases.TS002_SignUpScripts02" name="TS002_SignUpScripts02_SignUp3_BadWordsFloAccountName" time="12.451"/>
  <testcase classname="TestCases.TS002_SignUpScripts02" name="TS002_SignUpScripts02_SignUp3_BadWordsFloAccountName" time="12.095"/>
  <testcase classname="TestCases.TS003_GeneralScripts" name="TS003_GeneralScripts_General1_checkStartFlo" time="18.061"/>
  <testcase classname="TestCases.TS003_GeneralScripts" name="TS003_GeneralScripts_General2_OpenViewFromBottomBar" time="12.922"/>
  <testcase classname="TestCases.TS003_GeneralScripts" name="TS003_GeneralScripts_General2_OpenViewFromBottomBar" time="13.21"/>
  <testcase classname="TestCases.TS003_GeneralScripts" name="TS003_GeneralScripts_General2_OpenViewFromBottomBar" time="5.814"/>
  <testcase classname="TestCases.TS003_GeneralScripts" name="TS003_GeneralScripts_General2_OpenViewFromBottomBar" time="5.775"/>
  <testcase classname="TestCases.TS003_GeneralScripts" name="TS003_GeneralScripts_General2_OpenViewFromBottomBar" time="9.366"/>
  <testcase classname="TestCases.TS003_GeneralScripts" name="TS003_GeneralScripts_General3_checkAllIconInBottomBar" time="48.732"/>
  <testcase classname="TestCases.TS004_SettingsScripts01" name="TS004_SettingsScripts01_Settings1_checkSettingDetailsScreenDisplay" time="11.749"/>
  <testcase classname="TestCases.TS004_SettingsScripts01" name="TS004_SettingsScripts01_Settings1_checkSettingDetailsScreenDisplay" time="14.652"/>
  <testcase classname="TestCases.TS004_SettingsScripts01" name="TS004_SettingsScripts01_Settings1_checkSettingDetailsScreenDisplay" time="18.694"/>
  <testcase classname="TestCases.TS004_SettingsScripts01" name="TS004_SettingsScripts01_Settings1_checkSettingDetailsScreenDisplay" time="13.915"/>
  <testcase classname="TestCases.TS004_SettingsScripts01" name="TS004_SettingsScripts01_Settings1_checkSettingDetailsScreenDisplay" time="13.386"/>
  <testcase classname="TestCases.TS004_SettingsScripts01" name="TS004_SettingsScripts01_Settings1_checkSettingDetailsScreenDisplay" time="38.286"/>
  <testcase classname="TestCases.TS004_SettingsScripts01" name="TS004_SettingsScripts01_Settings1_checkSettingDetailsScreenDisplay" time="20.349"/>
  <testcase classname="TestCases.TS004_SettingsScripts01" name="TS004_SettingsScripts01_Settings1_checkSettingDetailsScreenDisplay" time="17.211"/>
  <testcase classname="TestCases.TS004_SettingsScripts01" name="TS004_SettingsScripts01_Settings1_checkSettingDetailsScreenDisplay" time="13.296"/>
  <testcase classname="TestCases.TS004_SettingsScripts01" name="TS004_SettingsScripts01_Settings2_checkAboutScreen" time="19.841"/>
  <testcase classname="TestCases.TS004_SettingsScripts01" name="TS004_SettingsScripts01_Settings3_showAllWarnings" time="8.806"/>
  <testcase classname="TestCases.TS004_SettingsScripts01" name="TS004_SettingsScripts01_Settings4_GeneralSync" time="13.799"/>
  <testcase classname="TestCases.TS004_SettingsScripts01" name="TS004_SettingsScripts01_Settings4_GeneralSync" time="13.745"/>
  <testcase classname="TestCases.TS004_SettingsScripts01" name="TS004_SettingsScripts01_Settings4_GeneralSync" time="13.75"/>
  <testcase classname="TestCases.TS004_SettingsScripts01" name="TS004_SettingsScripts01_Settings4_GeneralSync" time="13.774"/>
  <testcase classname="TestCases.TS004_SettingsScripts01" name="TS004_SettingsScripts01_Settings5_GeneralAlertSnooze" time="13.831"/>
  <testcase classname="TestCases.TS004_SettingsScripts01" name="TS004_SettingsScripts01_Settings5_GeneralAlertSnooze" time="13.797"/>
  <testcase classname="TestCases.TS004_SettingsScripts01" name="TS004_SettingsScripts01_Settings5_GeneralAlertSnooze" time="13.697"/>
  <testcase classname="TestCases.TS004_SettingsScripts01" name="TS004_SettingsScripts01_Settings5_GeneralAlertSnooze" time="13.549"/>
  <testcase classname="TestCases.TS004_SettingsScripts02" name="TS004_SettingsScripts02_SettingCollection01_addNewCollection" time="43.334"/>
  <testcase classname="TestCases.TS004_SettingsScripts02" name="TS004_SettingsScripts02_SettingCollection02_addExistedCollection" time="30.983"/>
  <testcase classname="TestCases.TS004_SettingsScripts02" name="TS004_SettingsScripts02_SettingCollection03_addNewChildCollection" time="53.449"/>
  <testcase classname="TestCases.TS004_SettingsScripts02" name="TS004_SettingsScripts02_SettingCollection04_addNewChildCollectionOfChildCollection" time="58.698"/>
  <testcase classname="TestCases.TS004_SettingsScripts02" name="TS004_SettingsScripts02_SettingCollection05_editTitleOfCollection" time="49.329"/>
  <testcase classname="TestCases.TS004_SettingsScripts02" name="TS004_SettingsScripts02_SettingCollection06_editColorOfCollection" time="47.477"/>
  <testcase classname="TestCases.TS004_SettingsScripts02" name="TS004_SettingsScripts02_SettingCollection07_editParentOfCollection" time="48.193"/>
  <testcase classname="TestCases.TS004_SettingsScripts02" name="TS004_SettingsScripts02_SettingCollection08_editMakeDefaultCollection" time="41.249"/>
  <testcase classname="TestCases.TS004_SettingsScripts02" name="TS004_SettingsScripts02_SettingCollection09_deleteCollectionFromDetailsView" time="66.952"/>
  <testcase classname="TestCases.TS004_SettingsScripts02" name="TS004_SettingsScripts02_SettingCollection10_deleteCollectionBySwipe" time="67.662"/>
  <testcase classname="TestCases.TS004_SettingsScripts02" name="TS004_SettingsScripts02_SettingCollection11_deleteCollectionChildCollectionBeDeleted" time="28.588"/>
[...]
  <testcase classname="TestCases.TS007_TodoScripts04" name="TS007_TodoScripts04_ToDo06_removeChecklistOfToDo" time="73.203"/>
  <testcase classname="TestCases.TS007_TodoScripts04" name="TS007_TodoScripts04_ToDo07_addFullToDo" time="179.518"/>
  <testcase classname="TestCases.TS007_TodoScripts04" name="TS007_TodoScripts04_ToDo08_sendEmailFromDetail" time="213.926"/>
  <testcase classname="TestCases.TS007_TodoScripts04" name="TS007_TodoScripts04_ToDo09_createNoteFromDetail" time="144.174"/>
  <testcase classname="TestCases.TS007_TodoScripts04" name="TS007_TodoScripts04_ToDo10_checkLinkedIconIsRemoved" time="127.901"/>
  <testcase classname="TestCases.TS007_TodoScripts05" name="TS007_TodoScripts05_ToDo1_setUnStarTodoFromTodoListView" time="60.975"/>
  <testcase classname="TestCases.TS007_TodoScripts05" name="TS007_TodoScripts05_Todo2_deleteToDoFromTodoViewDetail" time="88.199"/>
  <testcase classname="TestCases.TS007_TodoScripts05" name="TS007_TodoScripts05_Todo3_searchTodoByTitleFromTodoList" time="89.305"/>
  <testcase classname="TestCases.TS007_TodoScripts05" name="TS007_TodoScripts05_Todo4_searchTodoByContentFromTodoList" time="113.244"/>
  <testcase classname="TestCases.TS007_TodoScripts05" name="TS007_TodoScripts05_Todo5_searchTodoFromTodoListWithWrongKeyword" time="119.006"/>
  <testcase classname="TestCases.TS008_ContactScripts01" name="TS008_ContactScripts01_Contact1_verifyContactView" time="29.055"/>
  <testcase classname="TestCases.TS008_ContactScripts01" name="TS008_ContactScripts01_Contact3_addContactFromPlusIcon" time="74.136"/>
  <testcase classname="TestCases.TS008_ContactScripts01" name="TS008_ContactScripts01_Contact5_filterByRecentAddNewContact" time="178.213"/>
  <testcase classname="TestCases.TS008_ContactScripts01" name="TS008_ContactScripts01_Contact6_filterByVIPAddNewContact" time="174.39"/>
  <testcase classname="TestCases.TS008_ContactScripts01" name="TS008_ContactScripts01_Contact7_filterByAllCheckAndDeleteContact" time="101.563"/>
  <testcase classname="TestCases.TS008_ContactScripts01" name="TS008_ContactScripts01_Contact7_filterByAllCheckAndDeleteContact" time="96.123"/>
  <testcase classname="TestCases.TS008_ContactScripts01" name="TS008_ContactScripts01_Contact8_changeDisplayInSettings" time="60.91"/>
  <testcase classname="TestCases.TS008_ContactScripts01" name="TS008_ContactScripts01_Contact8_changeDisplayInSettings" time="60.927"/>
  <testcase classname="TestCases.TS008_ContactScripts01" name="TS008_ContactScripts01_Contact8_changeDisplayInSettings" time="30.773"/>
  <testcase classname="TestCases.TS008_ContactScripts02" name="TS008_ContactScripts02_Contact1_sendAnEmailBySwiping" time="218.203"/>
  <testcase classname="TestCases.TS008_ContactScripts02" name="TS008_ContactScripts02_Contact2_createLinkedEventBySwiping" time="247.476"/>
  <testcase classname="TestCases.TS008_ContactScripts02" name="TS008_ContactScripts02_Contact3_moveToCollectionBySwiping" time="99.696"/>
  <testcase classname="TestCases.TS008_ContactScripts02" name="TS008_ContactScripts02_Contact4_addToCollectionBySwiping" time="147.252"/>
  <testcase classname="TestCases.TS008_ContactScripts02" name="TS008_ContactScripts02_Contact5_deleteContactBySwiping" time="34.176"/>
  <testcase classname="TestCases.TS008_ContactScripts02" name="TS008_ContactScripts02_Contact6_checkEmailIconNotExistBySwipe" time="74.754"/>
  <testcase classname="TestCases.TS008_ContactScripts02" name="TS008_ContactScripts02_Contact7_checkPhoneAndChatIconNotExist" time="160.5"/>
  <testcase classname="TestCases.TS008_ContactScripts03" name="TS008_ContactScripts03_Contact1_FilterByACollectionAddNewContact" time="167.444"/>
  <testcase classname="TestCases.TS008_ContactScripts03" name="TS008_ContactScripts03_Contact2_FilterByACollectionAddNewVIPContact" time="167.614"/>
  <testcase classname="TestCases.TS008_ContactScripts03" name="TS008_ContactScripts03_Contact3_FilterByMultiCollectionAddNewContact" time="217.68"/>
  <testcase classname="TestCases.TS008_ContactScripts03" name="TS008_ContactScripts03_Contact4_FilterByMultiCollectionAddNewVIPContact" time="161.541"/>
  <testcase classname="TestCases.TS008_ContactScripts03" name="TS008_ContactScripts03_Contact5_checkNumberContact" time="102.246"/>
  <testcase classname="TestCases.TS008_ContactScripts03" name="TS008_ContactScripts03_Contact6_deleteContact" time="120.754"/>
  <testcase classname="TestCases.TS008_ContactScripts03" name="TS008_ContactScripts03_Contact7_sendEmailFromDetail" time="149.393"/>
  <testcase classname="TestCases.TS008_ContactScripts03" name="TS008_ContactScripts03_Contact8_addEventFromDetail" time="254.871"/>
  <testcase classname="TestCases.TS008_ContactScripts04" name="TS008_ContactScripts04_Contact1_markVIPContactInList" time="156.516"/>
  <testcase classname="TestCases.TS008_ContactScripts04" name="TS008_ContactScripts04_Contact2_markVIPContactInDetail" time="131.7"/>
  <testcase classname="TestCases.TS008_ContactScripts04" name="TS008_ContactScripts04_Contact3_UnVIPContactInList" time="162.004"/>
  <testcase classname="TestCases.TS008_ContactScripts04" name="TS008_ContactScripts04_Contact4_UnVIPContactInDetail" time="170.947"/>
  <testcase classname="TestCases.TS008_ContactScripts04" name="TS008_ContactScripts04_Contact5_addCollectionToContactInDetail" time="128.91"/>
  <testcase classname="TestCases.TS008_ContactScripts04" name="TS008_ContactScripts04_Contact6_addCollectionToVipContactInDetail" time="169.891"/>
  <testcase classname="TestCases.TS008_ContactScripts04" name="TS008_ContactScripts04_Contact7_moveCollectionToContactInDetail" time="113.687"/>
  <testcase classname="TestCases.TS008_ContactScripts04" name="TS008_ContactScripts04_Contact8_moveCollectionToVipContactInDetail" time="124.256"/>
  <testcase classname="TestCases.TS008_ContactScripts05" name="TS008_ContactScripts05_Contact1_addLinkedTodoInDetail" time="208.914"/>
  <testcase classname="TestCases.TS008_ContactScripts05" name="TS008_ContactScripts05_Contact2_addLinkedNoteInDetail" time="206.287"/>
  <testcase classname="TestCases.TS008_ContactScripts05" name="TS008_ContactScripts05_Contact3_addLinkedContactInDetail" time="127.677"/>
  <testcase classname="TestCases.TS008_ContactScripts05" name="TS008_ContactScripts05_Contact4_searchContactByAllCollections" time="38.497"/>
  <testcase classname="TestCases.TS008_ContactScripts05" name="TS008_ContactScripts05_Contact5_searchContactByACollection" time="68.97"/>
  <testcase classname="TestCases.TS008_ContactScripts05" name="TS008_ContactScripts05_Contact6_searchContactNotDependAllCollections" time="72.324"/>
  <testcase classname="TestCases.TS008_ContactScripts05" name="TS008_ContactScripts05_Contact7_searchContactNotDependACollection" time="68.076"/>
  <testcase classname="TestCases.TS008_ContactScripts05" name="TS008_ContactScripts05_Contact8_searchContactNotDependVipFilter" time="34.212"/>
  <testcase classname="TestCases.TS008_ContactScripts05" name="TS008_ContactScripts05_Contact9_searchContactNotExist" time="39.994"/>
  <testcase classname="TestCases.TS009_NoteScripts01" name="TS009_NoteScripts01_Note01_VerifyNoteView" time="14.194"/>
  <testcase classname="TestCases.TS009_NoteScripts01" name="TS009_NoteScripts01_Note02_checkCancelNotificationSwiping" time="29.731"/>
  <testcase classname="TestCases.TS009_NoteScripts01" name="TS009_NoteScripts01_Note03_checkNotificationAndDeleteSwiping" time="18.57"/>
  <testcase classname="TestCases.TS009_NoteScripts01" name="TS009_NoteScripts01_Note04_AddNoteFromPlusButton" time="49.823"/>
  <testcase classname="TestCases.TS009_NoteScripts01" name="TS009_NoteScripts01_Note05_checkCancelNotificationDetails" time="32.314"/>
  <testcase classname="TestCases.TS009_NoteScripts01" name="TS009_NoteScripts01_Note06_checkNotificationAndDeleteDetails" time="22.747"/>
  <testcase classname="TestCases.TS009_NoteScripts01" name="TS009_NoteScripts01_Note07_AddQuickNote" time="17.962"/>
  <testcase classname="TestCases.TS009_NoteScripts01" name="TS009_NoteScripts01_Note08_AddQuickNoteWithStar" time="79.993"/>
  <testcase classname="TestCases.TS009_NoteScripts01" name="TS009_NoteScripts01_Note09_SearchNoteByKeyword" time="51.745"/>
  <testcase classname="TestCases.TS009_NoteScripts01" name="TS009_NoteScripts01_Note10_UpdateNoteItem" time="194.483"/>
  <testcase classname="TestCases.TS009_NoteScripts02" name="TS009_NoteScripts02_Note01_unStarNoteFromNoteView" time="53.684"/>
  <testcase classname="TestCases.TS009_NoteScripts02" name="TS009_NoteScripts02_Note02_filterAllShowsAllNotes" time="66.842"/>
  <testcase classname="TestCases.TS009_NoteScripts02" name="TS009_NoteScripts02_Note03_filterAllSortByTitle" time="33.101"/>
  <testcase classname="TestCases.TS009_NoteScripts02" name="TS009_NoteScripts02_Note04_filterAllSortByDate" time="32.246"/>
  <testcase classname="TestCases.TS009_NoteScripts02" name="TS009_NoteScripts02_Note05_filterStarShowsOnlyStarNote" time="54.58"/>
  <testcase classname="TestCases.TS009_NoteScripts02" name="TS009_NoteScripts02_Note06_filterAllSortByTitle" time="29.971"/>
  <testcase classname="TestCases.TS009_NoteScripts02" name="TS009_NoteScripts02_Note07_filterAllSortByDate" time="29.3"/>
  <testcase classname="TestCases.TS009_NoteScripts02" name="TS009_NoteScripts02_Note08_moveNoteItemToOtherCollection" time="181.156"/>
  <testcase classname="TestCases.TS009_NoteScripts02" name="TS009_NoteScripts02_Note09_localFilterByACollection" time="57.161"/>
  <testcase classname="TestCases.TS009_NoteScripts02" name="TS009_NoteScripts02_Note10_addNoteItemToManyCollection" time="168.385"/>
  <testcase classname="TestCases.TS009_NoteScripts02" name="TS009_NoteScripts02_Note11_localFilterByMultiCollection" time="83.101"/>
  <testcase classname="TestCases.TS009_NoteScripts02" name="TS009_NoteScripts02_Note11_localFilterByMultiCollection" time="72.172"/>
  <testcase classname="TestCases.TS009_NoteScripts02" name="TS009_NoteScripts02_Note11_localFilterByMultiCollection" time="68.678"/>
  <testcase classname="TestCases.TS009_NoteScripts03" name="TS009_NoteScripts03_Note01_createOtherLinkedEmailBySwipe" time="208.872"/>
  <testcase classname="TestCases.TS009_NoteScripts03" name="TS009_NoteScripts03_Note02_createOtherLinkedEventBySwipe" time="201.299"/>
  <testcase classname="TestCases.TS009_NoteScripts03" name="TS009_NoteScripts03_Note03_createOtherLinkedTodoBySwipe" time="102.072"/>
  <testcase classname="TestCases.TS009_NoteScripts03" name="TS009_NoteScripts03_Note04_moveNoteToCollectioBySwipe" time="48.196"/>
  <testcase classname="TestCases.TS009_NoteScripts03" name="TS009_NoteScripts03_Note05_addNoteToCollectioBySwipe" time="118.565"/>
  <testcase classname="TestCases.TS009_NoteScripts03" name="TS009_NoteScripts03_Note06_addLinkedEmailFromDetail" time="188.632"/>
  <testcase classname="TestCases.TS009_NoteScripts03" name="TS009_NoteScripts03_Note07_addLinkedEventFromDetail" time="151.571"/>
  <testcase classname="TestCases.TS009_NoteScripts03" name="TS009_NoteScripts03_Note08_addLinkedTodoFromDetail" time="101.292"/>
  <testcase classname="TestCases.TS009_NoteScripts03" name="TS009_NoteScripts03_Note09_checkLinkItemAfterEmptyTrash" time="50.588"/>
  <testcase classname="TestCases.TS010_CollectionScripts01" name="TS010_CollectionScripts01_Collection1_verifyCollectionView" time="7.072"/>
  <testcase classname="TestCases.TS010_CollectionScripts01" name="TS010_CollectionScripts01_Collection2_addNewEventFromPlusIcon" time="115.628"/>
  <testcase classname="TestCases.TS010_CollectionScripts01" name="TS010_CollectionScripts01_Collection3_addNewTodoFromPlusIcon" time="98.787"/>
  <testcase classname="TestCases.TS010_CollectionScripts01" name="TS010_CollectionScripts01_Collection4_addNewContactFromPlusIcon" time="155.952"/>
  <testcase classname="TestCases.TS010_CollectionScripts01" name="TS010_CollectionScripts01_Collection5_addNewNoteFromPlusIcon" time="107.704"/>
  <testcase classname="TestCases.TS010_CollectionScripts02" name="TS010_CollectionScripts02_Collection1_addEventLinkedToEventBySwipe" time="294.468"/>
  <testcase classname="TestCases.TS010_CollectionScripts02" name="TS010_CollectionScripts02_Collection2_addTodoLinkedToEventBySwipe" time="159.083"/>
  <testcase classname="TestCases.TS010_CollectionScripts02" name="TS010_CollectionScripts02_Collection3_addNoteLinkedToEventBySwipe" time="202.796"/>
  <testcase classname="TestCases.TS010_CollectionScripts02" name="TS010_CollectionScripts02_Collection4_moveEventToCollectionBySwipe" time="79.903"/>
  <testcase classname="TestCases.TS010_CollectionScripts02" name="TS010_CollectionScripts02_Collection5_addEventToCollectionBySwipe" time="100.901"/>
  <testcase classname="TestCases.TS010_CollectionScripts02" name="TS010_CollectionScripts02_Collection6_deleteEventBySwipe" time="20.511"/>
  <testcase classname="TestCases.TS010_CollectionScripts03" name="TS010_CollectionScripts03_Collection1_addEmailLinkedToDoBySwipe" time="0.001">
    <skipped/>
  </testcase> <!-- TS010_CollectionScripts03_Collection1_addEmailLinkedToDoBySwipe -->
  <testcase classname="TestCases.TS010_CollectionScripts03" name="TS010_CollectionScripts03_Collection2_addNoteLinkedToDoBySwipe" time="0.0">
    <skipped/>
  </testcase> <!-- TS010_CollectionScripts03_Collection2_addNoteLinkedToDoBySwipe -->
  <testcase classname="TestCases.TS010_CollectionScripts03" name="TS010_CollectionScripts03_Collection3_addDueForToDoBySwipe" time="0.0">
    <skipped/>
  </testcase> <!-- TS010_CollectionScripts03_Collection3_addDueForToDoBySwipe -->
  <testcase classname="TestCases.TS010_CollectionScripts03" name="TS010_CollectionScripts03_Collection3_addDueForToDoBySwipe" time="0.0">
    <skipped/>
  </testcase> <!-- TS010_CollectionScripts03_Collection3_addDueForToDoBySwipe -->
  <testcase classname="TestCases.TS010_CollectionScripts03" name="TS010_CollectionScripts03_Collection3_addDueForToDoBySwipe" time="0.0">
    <skipped/>
  </testcase> <!-- TS010_CollectionScripts03_Collection3_addDueForToDoBySwipe -->
  <testcase classname="TestCases.TS010_CollectionScripts03" name="TS010_CollectionScripts03_Collection3_addDueForToDoBySwipe" time="0.0">
    <skipped/>
  </testcase> <!-- TS010_CollectionScripts03_Collection3_addDueForToDoBySwipe -->
  <testcase classname="TestCases.TS010_CollectionScripts03" name="TS010_CollectionScripts03_Collection4_MoveToDoToCollectionBySwipe" time="0.0">
    <skipped/>
  </testcase> <!-- TS010_CollectionScripts03_Collection4_MoveToDoToCollectionBySwipe -->
  <testcase classname="TestCases.TS010_CollectionScripts03" name="TS010_CollectionScripts03_Collection5_addToDoToCollectionBySwipe" time="0.0">
    <skipped/>
  </testcase> <!-- TS010_CollectionScripts03_Collection5_addToDoToCollectionBySwipe -->
  <testcase classname="TestCases.TS010_CollectionScripts03" name="TS010_CollectionScripts03_Collection6_deleteToDoBySwipe" time="0.0">
    <skipped/>
  </testcase> <!-- TS010_CollectionScripts03_Collection6_deleteToDoBySwipe -->
  <testcase classname="TestCases.TS010_CollectionScripts04" name="TS010_CollectionScripts04_Collection1_sendAnEmailBySwipeOnContact" time="157.39">
    <skipped/>
  </testcase> <!-- TS010_CollectionScripts04_Collection1_sendAnEmailBySwipeOnContact -->
  <testcase classname="TestCases.TS010_CollectionScripts04" name="TS010_CollectionScripts04_Collection1_sendAnEmailBySwipeOnContact" time="143.673"/>
  <testcase classname="TestCases.TS010_CollectionScripts04" name="TS010_CollectionScripts04_Collection2_createNewEventBySwipeOnContact" time="181.536">
    <skipped/>
  </testcase> <!-- TS010_CollectionScripts04_Collection2_createNewEventBySwipeOnContact -->
  <testcase classname="TestCases.TS010_CollectionScripts04" name="TS010_CollectionScripts04_Collection2_createNewEventBySwipeOnContact" time="220.156"/>
  <testcase classname="TestCases.TS010_CollectionScripts04" name="TS010_CollectionScripts04_Collection3_moveContactToCollectionBySwipe" time="127.353">
    <skipped/>
  </testcase> <!-- TS010_CollectionScripts04_Collection3_moveContactToCollectionBySwipe -->
  <testcase classname="TestCases.TS010_CollectionScripts04" name="TS010_CollectionScripts04_Collection3_moveContactToCollectionBySwipe" time="134.599">
    <skipped/>
  </testcase> <!-- TS010_CollectionScripts04_Collection3_moveContactToCollectionBySwipe -->
  <testcase classname="TestCases.TS010_CollectionScripts04" name="TS010_CollectionScripts04_Collection3_moveContactToCollectionBySwipe" time="138.857">
    <skipped/>
  </testcase> <!-- TS010_CollectionScripts04_Collection3_moveContactToCollectionBySwipe -->
  <testcase classname="TestCases.TS010_CollectionScripts04" name="TS010_CollectionScripts04_Collection3_moveContactToCollectionBySwipe" time="135.333">
    <failure type="java.lang.AssertionError" message="Test case is failed">
      <![CDATA[java.lang.AssertionError: Test case is failed
	at TestCases.TS010_CollectionScripts04.TS010_CollectionScripts04_Collection3_moveContactToCollectionBySwipe(TS010_CollectionScripts04.java:173)
... Removed 25 stack frames]]>
    </failure>
  </testcase> <!-- TS010_CollectionScripts04_Collection3_moveContactToCollectionBySwipe -->
  <testcase classname="TestCases.TS010_CollectionScripts04" name="TS010_CollectionScripts04_Collection4_addContactToCollectionBySwipe" time="155.107"/>
  <testcase classname="TestCases.TS010_CollectionScripts04" name="TS010_CollectionScripts04_Collection5_deleteContactBySwipe" time="26.169"/>
  <testcase classname="TestCases.TS010_CollectionScripts05" name="TS010_CollectionScripts05_Collection1_sendEmailBySwipeOnNote" time="168.799">
    <skipped/>
  </testcase> <!-- TS010_CollectionScripts05_Collection1_sendEmailBySwipeOnNote -->
  <testcase classname="TestCases.TS010_CollectionScripts05" name="TS010_CollectionScripts05_Collection1_sendEmailBySwipeOnNote" time="37.165">
    <skipped/>
  </testcase> <!-- TS010_CollectionScripts05_Collection1_sendEmailBySwipeOnNote -->
  <testcase classname="TestCases.TS010_CollectionScripts05" name="TS010_CollectionScripts05_Collection1_sendEmailBySwipeOnNote" time="159.7"/>
  <testcase classname="TestCases.TS010_CollectionScripts05" name="TS010_CollectionScripts05_Collection2_createNewEventBySwipeOnNote" time="200.997"/>
  <testcase classname="TestCases.TS010_CollectionScripts05" name="TS010_CollectionScripts05_Collection3_createNewTodoBySwipeOnNote" time="125.929"/>
  <testcase classname="TestCases.TS010_CollectionScripts05" name="TS010_CollectionScripts05_Collection4_moveNoteToCollectionBySwipe" time="80.852"/>
  <testcase classname="TestCases.TS010_CollectionScripts05" name="TS010_CollectionScripts05_Collection5_addNoteToCollectionsBySwipe" time="102.165"/>
  <testcase classname="TestCases.TS010_CollectionScripts05" name="TS010_CollectionScripts05_Collection6_deleteNoteBySwipe" time="21.609"/>
  <testcase classname="TestCases.TS010_CollectionScripts06" name="TS010_CollectionScripts06_Collection1_addNewEventFromSuggestionList" time="112.808"/>
  <testcase classname="TestCases.TS010_CollectionScripts06" name="TS010_CollectionScripts06_Collection2_addNewTodoFromSuggestionList" time="112.294"/>
  <testcase classname="TestCases.TS010_CollectionScripts06" name="TS010_CollectionScripts06_Collection3_addNewContactFromSuggestionList" time="123.123"/>
  <testcase classname="TestCases.TS010_CollectionScripts06" name="TS010_CollectionScripts06_Collection4_addNewNoteFromSuggestionList" time="116.027"/>
  <testcase classname="TestCases.TS010_CollectionScripts06" name="TS010_CollectionScripts06_Collection5_searchAndAddEvent" time="66.672"/>
  <testcase classname="TestCases.TS010_CollectionScripts06" name="TS010_CollectionScripts06_Collection6_searchAndAddTodo" time="62.774"/>
  <testcase classname="TestCases.TS010_CollectionScripts06" name="TS010_CollectionScripts06_Collection7_searchAndAddNote" time="62.251"/>
  <testcase classname="TestCases.TS010_CollectionScripts06" name="TS010_CollectionScripts06_Collection8_searchAndAddContact" time="68.424"/>
</testsuite> <!-- Regression test -->
