<?xml version="1.0" encoding="UTF-8"?>
<!-- Generated by org.testng.reporters.JUnitXMLReporter -->
<testsuite ignored="0" hostname="Bis-Mac-mini.local" failures="8" tests="52" name="XML006_Todo" time="6019.922" errors="0" timestamp="18 Jan 2019 04:19:14 GMT">
  <testcase classname="TestCases.TS007_TodoScripts01" name="@AfterClass clearUp" time="0.586">
    <failure type="java.lang.NullPointerException">
      <![CDATA[java.lang.NullPointerException
	at Keywords.CommonKeywords.clickViewBottomBar(CommonKeywords.java:1201)
	at TestCases.TS007_TodoScripts01.clearUp(TS007_TodoScripts01.java:179)
... Removed 24 stack frames]]>
    </failure>
  </testcase> <!-- @AfterClass clearUp -->
  <testcase classname="TestCases.TS007_TodoScripts01" name="TS007_TodoScripts01_ToDo1_verifyToDoView" time="65.035"/>
  <testcase classname="TestCases.TS007_TodoScripts01" name="TS007_TodoScripts01_ToDo2_addQuickToDo" time="48.306">
    <failure type="java.lang.NullPointerException">
      <![CDATA[java.lang.NullPointerException
	at Keywords.TodoKeywords.filterByType(TodoKeywords.java:154)
	at TestCases.TS007_TodoScripts01.TS007_TodoScripts01_ToDo2_addQuickToDo(TS007_TodoScripts01.java:101)
... Removed 24 stack frames]]>
    </failure>
  </testcase> <!-- TS007_TodoScripts01_ToDo2_addQuickToDo -->
  <testcase classname="TestCases.TS007_TodoScripts01" name="TS007_TodoScripts01_ToDo3_addToDoFromPlusButton" time="18.721">
    <failure type="java.lang.NullPointerException">
      <![CDATA[java.lang.NullPointerException
	at Keywords.CommonKeywords.openNewItemView(CommonKeywords.java:1338)
	at TestCases.TS007_TodoScripts01.TS007_TodoScripts01_ToDo3_addToDoFromPlusButton(TS007_TodoScripts01.java:124)
... Removed 24 stack frames]]>
    </failure>
  </testcase> <!-- TS007_TodoScripts01_ToDo3_addToDoFromPlusButton -->
  <testcase classname="TestCases.TS007_TodoScripts01" name="TS007_TodoScripts01_ToDo4_setDueDateBySwiping" time="7.103">
    <failure type="java.lang.NullPointerException">
      <![CDATA[java.lang.NullPointerException
	at Keywords.TodoKeywords.setDueDateBySwipe(TodoKeywords.java:746)
	at TestCases.TS007_TodoScripts01.TS007_TodoScripts01_ToDo4_setDueDateBySwiping(TS007_TodoScripts01.java:140)
... Removed 24 stack frames]]>
    </failure>
  </testcase> <!-- TS007_TodoScripts01_ToDo4_setDueDateBySwiping -->
  <testcase classname="TestCases.TS007_TodoScripts01" name="TS007_TodoScripts01_ToDo4_setDueDateBySwiping" time="6.706">
    <failure type="java.lang.NullPointerException">
      <![CDATA[java.lang.NullPointerException
	at Keywords.TodoKeywords.setDueDateBySwipe(TodoKeywords.java:746)
	at TestCases.TS007_TodoScripts01.TS007_TodoScripts01_ToDo4_setDueDateBySwiping(TS007_TodoScripts01.java:140)
... Removed 24 stack frames]]>
    </failure>
  </testcase> <!-- TS007_TodoScripts01_ToDo4_setDueDateBySwiping -->
  <testcase classname="TestCases.TS007_TodoScripts01" name="TS007_TodoScripts01_ToDo4_setDueDateBySwiping" time="6.654">
    <failure type="java.lang.NullPointerException">
      <![CDATA[java.lang.NullPointerException
	at Keywords.TodoKeywords.setDueDateBySwipe(TodoKeywords.java:746)
	at TestCases.TS007_TodoScripts01.TS007_TodoScripts01_ToDo4_setDueDateBySwiping(TS007_TodoScripts01.java:140)
... Removed 24 stack frames]]>
    </failure>
  </testcase> <!-- TS007_TodoScripts01_ToDo4_setDueDateBySwiping -->
  <testcase classname="TestCases.TS007_TodoScripts01" name="TS007_TodoScripts01_ToDo4_setDueDateBySwiping" time="7.105">
    <failure type="java.lang.NullPointerException">
      <![CDATA[java.lang.NullPointerException
	at Keywords.TodoKeywords.setDueDateBySwipe(TodoKeywords.java:746)
	at TestCases.TS007_TodoScripts01.TS007_TodoScripts01_ToDo4_setDueDateBySwiping(TS007_TodoScripts01.java:140)
... Removed 24 stack frames]]>
    </failure>
  </testcase> <!-- TS007_TodoScripts01_ToDo4_setDueDateBySwiping -->
  <testcase classname="TestCases.TS007_TodoScripts01" name="TS007_TodoScripts01_ToDo5_deleteTodoBySwiping" time="0.682">
    <failure type="java.lang.NullPointerException">
      <![CDATA[java.lang.NullPointerException
	at Keywords.TodoKeywords.deleteTodoBySwipe(TodoKeywords.java:874)
	at TestCases.TS007_TodoScripts01.TS007_TodoScripts01_ToDo5_deleteTodoBySwiping(TS007_TodoScripts01.java:167)
... Removed 24 stack frames]]>
    </failure>
  </testcase> <!-- TS007_TodoScripts01_ToDo5_deleteTodoBySwiping -->
  <testcase classname="TestCases.TS007_TodoScripts02" name="TS007_TodoScripts02_ToDo1_checkDefaultDurationSetting" time="166.466"/>
  <testcase classname="TestCases.TS007_TodoScripts02" name="TS007_TodoScripts02_ToDo1_checkDefaultDurationSetting" time="162.434"/>
  <testcase classname="TestCases.TS007_TodoScripts02" name="TS007_TodoScripts02_ToDo1_checkDefaultDurationSetting" time="150.497"/>
  <testcase classname="TestCases.TS007_TodoScripts02" name="TS007_TodoScripts02_ToDo1_checkDefaultDurationSetting" time="162.053"/>
  <testcase classname="TestCases.TS007_TodoScripts02" name="TS007_TodoScripts02_ToDo3_checkNewToDoDefaultStarDone" time="102.754"/>
  <testcase classname="TestCases.TS007_TodoScripts02" name="TS007_TodoScripts02_ToDo4_checkNewToDoDefaultCollection" time="279.874"/>
  <testcase classname="TestCases.TS007_TodoScripts02" name="TS007_TodoScripts02_ToDo5_checkDefaultDueDateSetting" time="66.266"/>
  <testcase classname="TestCases.TS007_TodoScripts02" name="TS007_TodoScripts02_ToDo5_checkDefaultDueDateSetting" time="64.786"/>
  <testcase classname="TestCases.TS007_TodoScripts02" name="TS007_TodoScripts02_ToDo5_checkDefaultDueDateSetting" time="62.894"/>
  <testcase classname="TestCases.TS007_TodoScripts02" name="TS007_TodoScripts02_ToDo5_checkDefaultDueDateSetting" time="66.369"/>
  <testcase classname="TestCases.TS007_TodoScripts02" name="TS007_TodoScripts02_ToDo5_checkDefaultDueDateSetting" time="75.539"/>
  <testcase classname="TestCases.TS007_TodoScripts02" name="TS007_TodoScripts02_ToDo6_checkDefaultDueDateAlertSetting" time="78.932"/>
  <testcase classname="TestCases.TS007_TodoScripts02" name="TS007_TodoScripts02_ToDo6_checkDefaultDueDateAlertSetting" time="77.659"/>
  <testcase classname="TestCases.TS007_TodoScripts02" name="TS007_TodoScripts02_ToDo6_checkDefaultDueDateAlertSetting" time="71.514"/>
  <testcase classname="TestCases.TS007_TodoScripts02" name="TS007_TodoScripts02_ToDo6_checkDefaultDueDateAlertSetting" time="64.47"/>
  <testcase classname="TestCases.TS007_TodoScripts02" name="TS007_TodoScripts02_ToDo6_checkDefaultDueDateAlertSetting" time="69.855"/>
  <testcase classname="TestCases.TS007_TodoScripts02" name="TS007_TodoScripts02_ToDo6_checkDefaultDueDateAlertSetting" time="73.67"/>
  <testcase classname="TestCases.TS007_TodoScripts02" name="TS007_TodoScripts02_ToDo6_checkDefaultDueDateAlertSetting" time="69.903"/>
  <testcase classname="TestCases.TS007_TodoScripts03" name="TS007_TodoScripts03_ToDo1_quickAddStarToDo" time="67.825"/>
  <testcase classname="TestCases.TS007_TodoScripts03" name="TS007_TodoScripts03_ToDo2_quickAddDoneToDo" time="53.918"/>
  <testcase classname="TestCases.TS007_TodoScripts03" name="TS007_TodoScripts03_ToDo3_quickAddDueToDo" time="61.378"/>
  <testcase classname="TestCases.TS007_TodoScripts03" name="TS007_TodoScripts03_ToDo3_quickAddDueToDo" time="79.455"/>
  <testcase classname="TestCases.TS007_TodoScripts03" name="TS007_TodoScripts03_ToDo3_quickAddDueToDo" time="99.743"/>
  <testcase classname="TestCases.TS007_TodoScripts03" name="TS007_TodoScripts03_ToDo3_quickAddDueToDo" time="117.132"/>
  <testcase classname="TestCases.TS007_TodoScripts03" name="TS007_TodoScripts03_ToDo4_showAllTodoWithFilterByAll" time="183.528"/>
  <testcase classname="TestCases.TS007_TodoScripts03" name="TS007_TodoScripts03_ToDo5_showStarTodoWithFilterByStar" time="71.84"/>
  <testcase classname="TestCases.TS007_TodoScripts03" name="TS007_TodoScripts03_ToDo6_showDoneTodoWithFilterByDone" time="54.899"/>
  <testcase classname="TestCases.TS007_TodoScripts03" name="TS007_TodoScripts03_ToDo7_addOverDueToDo" time="323.828"/>
  <testcase classname="TestCases.TS007_TodoScripts03" name="TS007_TodoScripts03_ToDo8_showDueTodoWithFilterByDue" time="75.919"/>
  <testcase classname="TestCases.TS007_TodoScripts04" name="TS007_TodoScripts04_ToDo01_createEmailBySwiping" time="254.361"/>
  <testcase classname="TestCases.TS007_TodoScripts04" name="TS007_TodoScripts04_ToDo02_createNoteBySwiping" time="155.249"/>
  <testcase classname="TestCases.TS007_TodoScripts04" name="TS007_TodoScripts04_ToDo03_moveCollectionBySwiping" time="49.278"/>
  <testcase classname="TestCases.TS007_TodoScripts04" name="TS007_TodoScripts04_ToDo04_addCollectionBySwiping" time="100.031"/>
  <testcase classname="TestCases.TS007_TodoScripts04" name="TS007_TodoScripts04_ToDo05_addTodoWithChecklist" time="105.578"/>
  <testcase classname="TestCases.TS007_TodoScripts04" name="TS007_TodoScripts04_ToDo06_removeChecklistOfToDo" time="86.228"/>
  <testcase classname="TestCases.TS007_TodoScripts04" name="TS007_TodoScripts04_ToDo07_addFullToDo" time="233.02"/>
  <testcase classname="TestCases.TS007_TodoScripts04" name="TS007_TodoScripts04_ToDo08_sendEmailFromDetail" time="255.583"/>
  <testcase classname="TestCases.TS007_TodoScripts04" name="TS007_TodoScripts04_ToDo09_createNoteFromDetail" time="166.952"/>
  <testcase classname="TestCases.TS007_TodoScripts04" name="TS007_TodoScripts04_ToDo10_checkLinkedIconIsRemoved" time="145.081"/>
  <testcase classname="TestCases.TS007_TodoScripts05" name="TS007_TodoScripts05_ToDo1_setUnStarTodoFromTodoListView" time="95.927"/>
  <testcase classname="TestCases.TS007_TodoScripts05" name="TS007_TodoScripts05_Todo2_deleteToDoFromTodoViewDetail" time="115.759"/>
  <testcase classname="TestCases.TS007_TodoScripts05" name="TS007_TodoScripts05_Todo3_searchTodoByTitleFromTodoList" time="113.627"/>
  <testcase classname="TestCases.TS007_TodoScripts05" name="TS007_TodoScripts05_Todo4_searchTodoByContentFromTodoList" time="112.616">
    <failure type="java.lang.NullPointerException">
      <![CDATA[java.lang.NullPointerException
	at Keywords.CommonKeywords.searchItem(CommonKeywords.java:495)
	at TestCases.TS007_TodoScripts05.TS007_TodoScripts05_Todo4_searchTodoByContentFromTodoList(TS007_TodoScripts05.java:140)
... Removed 24 stack frames]]>
    </failure>
  </testcase> <!-- TS007_TodoScripts05_Todo4_searchTodoByContentFromTodoList -->
  <testcase classname="TestCases.TS007_TodoScripts05" name="TS007_TodoScripts05_Todo5_searchTodoFromTodoListWithWrongKeyword" time="149.522"/>
</testsuite> <!-- XML006_Todo -->
