<?xml version="1.0" encoding="UTF-8"?>
<!-- Generated by org.testng.reporters.JUnitXMLReporter -->
<testsuite ignored="0" hostname="Bis-Mac-mini.local" failures="0" tests="24" name="XML004_Agenda" time="12830.504" errors="0" timestamp="06 Sep 2018 05:24:11 GMT">
  <testcase classname="TestCases.TS006_AgendaScripts01" name="TS006_AgendaScripts01_Agenda1_verifyAgendaView" time="572.786"/>
  <testcase classname="TestCases.TS006_AgendaScripts01" name="TS006_AgendaScripts01_Agenda2_addEventFromHome" time="482.046"/>
  <testcase classname="TestCases.TS006_AgendaScripts01" name="TS006_AgendaScripts01_Agenda3_addEventBottomBar" time="641.543"/>
  <testcase classname="TestCases.TS006_AgendaScripts02" name="TS006_AgendaScripts02_Agenda01_createOtherLinkedEventBySwipe" time="881.35"/>
  <testcase classname="TestCases.TS006_AgendaScripts02" name="TS006_AgendaScripts02_Agenda02_createOtherLinkedToDoBySwipe" time="436.07"/>
  <testcase classname="TestCases.TS006_AgendaScripts02" name="TS006_AgendaScripts02_Agenda03_checkLinkedIconIsRemoved" time="394.049"/>
  <testcase classname="TestCases.TS006_AgendaScripts03" name="TS006_AgendaScripts03_Agenda1_checkDueToDoInView" time="485.643"/>
  <testcase classname="TestCases.TS006_AgendaScripts03" name="TS006_AgendaScripts03_Agenda2_setDueDateBySwiping" time="485.053"/>
  <testcase classname="TestCases.TS006_AgendaScripts03" name="TS006_AgendaScripts03_Agenda2_setDueDateBySwiping" time="495.074"/>
  <testcase classname="TestCases.TS006_AgendaScripts03" name="TS006_AgendaScripts03_Agenda2_setDueDateBySwiping" time="548.629"/>
  <testcase classname="TestCases.TS006_AgendaScripts03" name="TS006_AgendaScripts03_Agenda2_setDueDateBySwiping" time="507.014"/>
  <testcase classname="TestCases.TS006_AgendaScripts04" name="TS006_AgendaScripts04_Agenda1_createLinkedNoteBySwiping" time="752.976"/>
  <testcase classname="TestCases.TS006_AgendaScripts04" name="TS006_AgendaScripts04_Agenda2_addCollectionBySwiping" time="237.882"/>
  <testcase classname="TestCases.TS006_AgendaScripts04" name="TS006_AgendaScripts04_Agenda3_moveCollectionBySwiping" time="272.49"/>
  <testcase classname="TestCases.TS006_AgendaScripts04" name="TS006_AgendaScripts04_Agenda4_createLinkedEmailBySwiping" time="753.195"/>
  <testcase classname="TestCases.TS006_AgendaScripts04" name="TS006_AgendaScripts04_Agenda5_checkLinkedIconIsRemoved" time="547.453"/>
  <testcase classname="TestCases.TS006_AgendaScripts04" name="TS006_AgendaScripts04_Agenda6_deleteDueTodoBySwiping" time="230.67"/>
  <testcase classname="TestCases.TS006_AgendaScripts05" name="TS006_AgendaScripts05_Agenda01_createOtherLinkedNoteBySwipe" time="533.187"/>
  <testcase classname="TestCases.TS006_AgendaScripts05" name="TS006_AgendaScripts05_Agenda02_checkLinkedIconIsRemoved" time="420.635"/>
  <testcase classname="TestCases.TS006_AgendaScripts05" name="TS006_AgendaScripts05_Agenda03_moveEventToCollectionBySwipe" time="210.72"/>
  <testcase classname="TestCases.TS006_AgendaScripts05" name="TS006_AgendaScripts05_Agenda04_addEventToCollectionBySwipe" time="242.405"/>
  <testcase classname="TestCases.TS006_AgendaScripts06" name="TS006_AgendaScripts06_Agenda1_checkWeekStartAgenda" time="212.567"/>
  <testcase classname="TestCases.TS006_AgendaScripts06" name="TS006_AgendaScripts06_Agenda2_addEventPlusIcon" time="378.518"/>
  <testcase classname="TestCases.TS006_AgendaScripts06" name="TS006_AgendaScripts06_Agenda3_checkEventDetails" time="106.99"/>
</testsuite> <!-- XML004_Agenda -->
