<?xml version="1.0" encoding="UTF-8"?>
<!-- Generated by org.testng.reporters.JUnitXMLReporter -->
<testsuite ignored="0" hostname="Bis-Mac-mini.local" failures="0" tests="41" name="XML007_Contact" time="6022.702" errors="0" timestamp="24 Jan 2019 05:29:51 GMT">
  <testcase classname="TestCases.TS008_ContactScripts01" name="@AfterClass clearUp" time="47.683">
    <failure type="org.openqa.selenium.WebDriverException" message="An unknown server-side error occurred while processing the command. Original error: Error Domain=com.facebook.WebDriverAgent Code=1 &amp;quot;The element &amp;apos;&amp;quot;Trash&amp;quot; TextField&amp;apos; is not visible on the screen and thus is not interactable&amp;quot; UserInfo={NSLocalizedDescription=The element &amp;apos;&amp;quot;Trash&amp;quot; TextField&amp;apos; is not visible on the screen and thus is not interactable}
Build info: version: &amp;apos;3.14.0&amp;apos;, revision: &amp;apos;aacccce0&amp;apos;, time: &amp;apos;2018-08-02T20:19:58.91Z&amp;apos;
System info: host: &amp;apos;Bis-Mac-mini.local&amp;apos;, ip: &amp;apos;192.168.1.63&amp;apos;, os.name: &amp;apos;Mac OS X&amp;apos;, os.arch: &amp;apos;x86_64&amp;apos;, os.version: &amp;apos;10.13.6&amp;apos;, java.version: &amp;apos;10.0.2&amp;apos;
Driver info: io.appium.java_client.ios.IOSDriver
Capabilities {app: /Users/Bi_DATA/FileFloApp/F..., automationName: XCUITest, browserName: , databaseEnabled: false, deviceName: iPhone 6s, javascriptEnabled: true, locationContextEnabled: false, networkConnectionEnabled: false, newCommandTimeout: 4000, noReset: false, platform: MAC, platformName: iOS, platformVersion: 12.0, showXcodeLog: true, takesScreenshot: true, udid: 94D12BCB-9253-4B1A-B4CB-B2D..., webStorageEnabled: false}
Session ID: 785a9cba-40b7-4273-8f81-c35ea7855a55">
      <![CDATA[org.openqa.selenium.WebDriverException: An unknown server-side error occurred while processing the command. Original error: Error Domain=com.facebook.WebDriverAgent Code=1 "The element '"Trash" TextField' is not visible on the screen and thus is not interactable" UserInfo={NSLocalizedDescription=The element '"Trash" TextField' is not visible on the screen and thus is not interactable}
Build info: version: '3.14.0', revision: 'aacccce0', time: '2018-08-02T20:19:58.91Z'
System info: host: 'Bis-Mac-mini.local', ip: '192.168.1.63', os.name: 'Mac OS X', os.arch: 'x86_64', os.version: '10.13.6', java.version: '10.0.2'
Driver info: io.appium.java_client.ios.IOSDriver
Capabilities {app: /Users/Bi_DATA/FileFloApp/F..., automationName: XCUITest, browserName: , databaseEnabled: false, deviceName: iPhone 6s, javascriptEnabled: true, locationContextEnabled: false, networkConnectionEnabled: false, newCommandTimeout: 4000, noReset: false, platform: MAC, platformName: iOS, platformVersion: 12.0, showXcodeLog: true, takesScreenshot: true, udid: 94D12BCB-9253-4B1A-B4CB-B2D..., webStorageEnabled: false}
Session ID: 785a9cba-40b7-4273-8f81-c35ea7855a55
	at org.openqa.selenium.remote.http.W3CHttpResponseCodec.createException(W3CHttpResponseCodec.java:187)
	at org.openqa.selenium.remote.http.W3CHttpResponseCodec.decode(W3CHttpResponseCodec.java:122)
	at org.openqa.selenium.remote.http.W3CHttpResponseCodec.decode(W3CHttpResponseCodec.java:49)
	at org.openqa.selenium.remote.HttpCommandExecutor.execute(HttpCommandExecutor.java:158)
	at io.appium.java_client.remote.AppiumCommandExecutor.execute(AppiumCommandExecutor.java:231)
	at org.openqa.selenium.remote.RemoteWebDriver.execute(RemoteWebDriver.java:548)
	at io.appium.java_client.DefaultGenericMobileDriver.execute(DefaultGenericMobileDriver.java:42)
	at io.appium.java_client.AppiumDriver.execute(AppiumDriver.java:1)
	at io.appium.java_client.ios.IOSDriver.execute(IOSDriver.java:1)
	at org.openqa.selenium.remote.RemoteWebElement.execute(RemoteWebElement.java:276)
	at io.appium.java_client.DefaultGenericMobileElement.execute(DefaultGenericMobileElement.java:45)
	at io.appium.java_client.MobileElement.execute(MobileElement.java:1)
	at io.appium.java_client.ios.IOSElement.execute(IOSElement.java:1)
	at org.openqa.selenium.remote.RemoteWebElement.click(RemoteWebElement.java:83)
	at Keywords.CollectionKeywords.emptyTrashCollection(CollectionKeywords.java:688)
	at TestCases.TS008_ContactScripts01.clearUp(TS008_ContactScripts01.java:274)
... Removed 28 stack frames]]>
    </failure>
  </testcase> <!-- @AfterClass clearUp -->
  <testcase classname="TestCases.TS008_ContactScripts01" name="TS008_ContactScripts01_Contact1_verifyContactView" time="33.848"/>
  <testcase classname="TestCases.TS008_ContactScripts01" name="TS008_ContactScripts01_Contact3_addContactFromPlusIcon" time="78.514"/>
  <testcase classname="TestCases.TS008_ContactScripts01" name="TS008_ContactScripts01_Contact5_filterByRecentAddNewContact" time="181.271"/>
  <testcase classname="TestCases.TS008_ContactScripts01" name="TS008_ContactScripts01_Contact6_filterByVIPAddNewContact" time="179.083"/>
  <testcase classname="TestCases.TS008_ContactScripts01" name="TS008_ContactScripts01_Contact7_filterByAllCheckAndDeleteContact" time="96.663"/>
  <testcase classname="TestCases.TS008_ContactScripts01" name="TS008_ContactScripts01_Contact7_filterByAllCheckAndDeleteContact" time="111.937"/>
  <testcase classname="TestCases.TS008_ContactScripts01" name="TS008_ContactScripts01_Contact8_changeDisplayInSettings" time="64.76"/>
  <testcase classname="TestCases.TS008_ContactScripts01" name="TS008_ContactScripts01_Contact8_changeDisplayInSettings" time="62.134"/>
  <testcase classname="TestCases.TS008_ContactScripts01" name="TS008_ContactScripts01_Contact8_changeDisplayInSettings" time="30.452"/>
  <testcase classname="TestCases.TS008_ContactScripts02" name="TS008_ContactScripts02_Contact1_sendAnEmailBySwiping" time="228.249"/>
  <testcase classname="TestCases.TS008_ContactScripts02" name="TS008_ContactScripts02_Contact2_createLinkedEventBySwiping" time="257.987"/>
  <testcase classname="TestCases.TS008_ContactScripts02" name="TS008_ContactScripts02_Contact3_moveToCollectionBySwiping" time="99.381"/>
  <testcase classname="TestCases.TS008_ContactScripts02" name="TS008_ContactScripts02_Contact4_addToCollectionBySwiping" time="160.405"/>
  <testcase classname="TestCases.TS008_ContactScripts02" name="TS008_ContactScripts02_Contact5_deleteContactBySwiping" time="24.716"/>
  <testcase classname="TestCases.TS008_ContactScripts02" name="TS008_ContactScripts02_Contact6_checkEmailIconNotExistBySwipe" time="62.815"/>
  <testcase classname="TestCases.TS008_ContactScripts02" name="TS008_ContactScripts02_Contact7_checkPhoneAndChatIconNotExist" time="124.068"/>
  <testcase classname="TestCases.TS008_ContactScripts03" name="TS008_ContactScripts03_Contact1_FilterByACollectionAddNewContact" time="174.299"/>
  <testcase classname="TestCases.TS008_ContactScripts03" name="TS008_ContactScripts03_Contact2_FilterByACollectionAddNewVIPContact" time="168.926"/>
  <testcase classname="TestCases.TS008_ContactScripts03" name="TS008_ContactScripts03_Contact3_FilterByMultiCollectionAddNewContact" time="235.981"/>
  <testcase classname="TestCases.TS008_ContactScripts03" name="TS008_ContactScripts03_Contact4_FilterByMultiCollectionAddNewVIPContact" time="176.595"/>
  <testcase classname="TestCases.TS008_ContactScripts03" name="TS008_ContactScripts03_Contact5_checkNumberContact" time="117.373"/>
  <testcase classname="TestCases.TS008_ContactScripts03" name="TS008_ContactScripts03_Contact6_deleteContact" time="134.942"/>
  <testcase classname="TestCases.TS008_ContactScripts03" name="TS008_ContactScripts03_Contact7_sendEmailFromDetail" time="171.483"/>
  <testcase classname="TestCases.TS008_ContactScripts03" name="TS008_ContactScripts03_Contact8_addEventFromDetail" time="263.848"/>
  <testcase classname="TestCases.TS008_ContactScripts04" name="TS008_ContactScripts04_Contact1_markVIPContactInList" time="129.223"/>
  <testcase classname="TestCases.TS008_ContactScripts04" name="TS008_ContactScripts04_Contact2_markVIPContactInDetail" time="120.183"/>
  <testcase classname="TestCases.TS008_ContactScripts04" name="TS008_ContactScripts04_Contact3_UnVIPContactInList" time="143.288"/>
  <testcase classname="TestCases.TS008_ContactScripts04" name="TS008_ContactScripts04_Contact4_UnVIPContactInDetail" time="151.559"/>
  <testcase classname="TestCases.TS008_ContactScripts04" name="TS008_ContactScripts04_Contact5_addCollectionToContactInDetail" time="130.821"/>
  <testcase classname="TestCases.TS008_ContactScripts04" name="TS008_ContactScripts04_Contact6_addCollectionToVipContactInDetail" time="159.371"/>
  <testcase classname="TestCases.TS008_ContactScripts04" name="TS008_ContactScripts04_Contact7_moveCollectionToContactInDetail" time="104.826"/>
  <testcase classname="TestCases.TS008_ContactScripts04" name="TS008_ContactScripts04_Contact8_moveCollectionToVipContactInDetail" time="105.578"/>
  <testcase classname="TestCases.TS008_ContactScripts05" name="TS008_ContactScripts05_Contact1_addLinkedTodoInDetail" time="201.508"/>
  <testcase classname="TestCases.TS008_ContactScripts05" name="TS008_ContactScripts05_Contact2_addLinkedNoteInDetail" time="205.819"/>
  <testcase classname="TestCases.TS008_ContactScripts05" name="TS008_ContactScripts05_Contact3_addLinkedContactInDetail" time="130.324"/>
  <testcase classname="TestCases.TS008_ContactScripts05" name="TS008_ContactScripts05_Contact4_searchContactByAllCollections" time="45.886"/>
  <testcase classname="TestCases.TS008_ContactScripts05" name="TS008_ContactScripts05_Contact5_searchContactByACollection" time="76.269"/>
  <testcase classname="TestCases.TS008_ContactScripts05" name="TS008_ContactScripts05_Contact6_searchContactNotDependAllCollections" time="76.717"/>
  <testcase classname="TestCases.TS008_ContactScripts05" name="TS008_ContactScripts05_Contact7_searchContactNotDependACollection" time="69.941"/>
  <testcase classname="TestCases.TS008_ContactScripts05" name="TS008_ContactScripts05_Contact8_searchContactNotDependVipFilter" time="32.151"/>
  <testcase classname="TestCases.TS008_ContactScripts05" name="TS008_ContactScripts05_Contact9_searchContactNotExist" time="37.083"/>
</testsuite> <!-- XML007_Contact -->
