<?xml version="1.0" encoding="UTF-8"?>
<!-- Generated by org.testng.reporters.JUnitXMLReporter -->
<testsuite ignored="0" hostname="Bis-Mac-mini.local" failures="0" tests="35" name="XML001_SignInUp" time="5083.731" errors="0" timestamp="14 Sep 2018 04:22:30 GMT">
  <testcase classname="TestCases.TS005_EmailScripts01" name="@AfterClass clearUp" time="15.242">
    <failure type="java.lang.NullPointerException">
      <![CDATA[java.lang.NullPointerException
	at Keywords.CommonKeywords.deleteItemByDetails(CommonKeywords.java:538)
	at TestCases.TS005_EmailScripts01.clearUp(TS005_EmailScripts01.java:301)
... Removed 24 stack frames]]>
    </failure>
  </testcase> <!-- @AfterClass clearUp -->
  <testcase classname="TestCases.TS004_SettingsScripts05" name="TS004_SettingsScripts05_SettingEmail1_setSignatureForFlomail" time="48.447"/>
  <testcase classname="TestCases.TS004_SettingsScripts05" name="TS004_SettingsScripts05_SettingEmail2_setBearTrackNotifyifNoReply" time="8.185"/>
  <testcase classname="TestCases.TS004_SettingsScripts05" name="TS004_SettingsScripts05_SettingEmail3_setBearTrackNotifyUponReply" time="8.07"/>
  <testcase classname="TestCases.TS004_SettingsScripts05" name="TS004_SettingsScripts05_SettingEmail4_checkStatusNotifyCollectionEmailWhenSending" time="11.483"/>
  <testcase classname="TestCases.TS004_SettingsScripts05" name="TS004_SettingsScripts05_SettingEmail5_setCollectEmailsWhenSending" time="181.992"/>
  <testcase classname="TestCases.TS004_SettingsScripts05" name="TS004_SettingsScripts05_SettingEmail6_setPreviewDescriptionLines" time="13.681"/>
  <testcase classname="TestCases.TS004_SettingsScripts05" name="TS004_SettingsScripts05_SettingEmail6_setPreviewDescriptionLines" time="12.991"/>
  <testcase classname="TestCases.TS004_SettingsScripts05" name="TS004_SettingsScripts05_SettingEmail6_setPreviewDescriptionLines" time="11.8"/>
  <testcase classname="TestCases.TS004_SettingsScripts05" name="TS004_SettingsScripts05_SettingEmail6_setPreviewDescriptionLines" time="11.714"/>
  <testcase classname="TestCases.TS004_SettingsScripts05" name="TS004_SettingsScripts05_SettingEmail6_setPreviewDescriptionLines" time="11.971"/>
  <testcase classname="TestCases.TS004_SettingsScripts05" name="TS004_SettingsScripts05_SettingEmail7_setMoveEmailToDefaultCollection" time="10.003"/>
  <testcase classname="TestCases.TS005_EmailScripts01" name="TS005_EmailScripts01_Email0_verifyEmailView" time="47.93"/>
  <testcase classname="TestCases.TS005_EmailScripts01" name="TS005_EmailScripts01_Email1_composeThenDeleteDraftEmail" time="113.43"/>
  <testcase classname="TestCases.TS005_EmailScripts01" name="TS005_EmailScripts01_Email2_composeThenSaveDraftEmail" time="128.903"/>
  <testcase classname="TestCases.TS005_EmailScripts01" name="TS005_EmailScripts01_Email3_composeThenCancelSaveDraftEmail" time="65.942"/>
  <testcase classname="TestCases.TS005_EmailScripts01" name="TS005_EmailScripts01_Email4_inputToFieldThenSendEmail" time="114.34"/>
  <testcase classname="TestCases.TS005_EmailScripts01" name="TS005_EmailScripts01_Email5_inputCcFieldThenSendEmail" time="125.944"/>
  <testcase classname="TestCases.TS005_EmailScripts01" name="TS005_EmailScripts01_Email6_inputBccFieldThenSendEmail" time="112.234"/>
  <testcase classname="TestCases.TS005_EmailScripts01" name="TS005_EmailScripts01_Email7_sendEmailwithoutSubject" time="120.215"/>
  <testcase classname="TestCases.TS005_EmailScripts01" name="TS005_EmailScripts01_Email8_sendEmailToInvalidAddress" time="39.518"/>
  <testcase classname="TestCases.TS005_EmailScripts01" name="TS005_EmailScripts01_Email9_sendEmailHasImageAttached" time="133.676"/>
  <testcase classname="TestCases.TS006_AgendaScripts03" name="TS006_AgendaScripts03_Agenda1_checkDueToDoInView" time="503.432"/>
  <testcase classname="TestCases.TS006_AgendaScripts03" name="TS006_AgendaScripts03_Agenda2_setDueDateBySwiping" time="463.911"/>
  <testcase classname="TestCases.TS006_AgendaScripts03" name="TS006_AgendaScripts03_Agenda2_setDueDateBySwiping" time="516.02"/>
  <testcase classname="TestCases.TS006_AgendaScripts03" name="TS006_AgendaScripts03_Agenda2_setDueDateBySwiping" time="479.034"/>
  <testcase classname="TestCases.TS006_AgendaScripts03" name="TS006_AgendaScripts03_Agenda2_setDueDateBySwiping" time="449.766"/>
  <testcase classname="TestCases.TS008_ContactScripts05" name="TS008_ContactScripts05_Contact1_addLinkedTodoInDetail" time="125.29"/>
  <testcase classname="TestCases.TS008_ContactScripts05" name="TS008_ContactScripts05_Contact2_addLinkedNoteInDetail" time="124.317"/>
  <testcase classname="TestCases.TS008_ContactScripts05" name="TS008_ContactScripts05_Contact3_addLinkedContactInDetail" time="63.317"/>
  <testcase classname="TestCases.TS008_ContactScripts05" name="TS008_ContactScripts05_Contact4_searchContactByAllCollections" time="20.979"/>
  <testcase classname="TestCases.TS008_ContactScripts05" name="TS008_ContactScripts05_Contact5_searchContactByACollection" time="29.947"/>
  <testcase classname="TestCases.TS008_ContactScripts05" name="TS008_ContactScripts05_Contact6_searchContactNotDependAllCollections" time="24.938"/>
  <testcase classname="TestCases.TS008_ContactScripts05" name="TS008_ContactScripts05_Contact7_searchContactNotDependACollection" time="28.875"/>
  <testcase classname="TestCases.TS008_ContactScripts05" name="TS008_ContactScripts05_Contact8_searchContactNotDependVipFilter" time="14.805"/>
  <testcase classname="TestCases.TS008_ContactScripts05" name="TS008_ContactScripts05_Contact9_searchContactNotExist" time="14.619"/>
</testsuite> <!-- XML001_SignInUp -->
