<?xml version="1.0" encoding="UTF-8"?>
<testng-results skipped="0" failed="0" ignored="3" total="4" passed="1">
  <reporter-output>
  </reporter-output>
  <suite name="Default Suite" duration-ms="176414" started-at="2019-08-08T10:20:43Z" finished-at="2019-08-08T10:23:40Z">
    <groups>
    </groups>
    <test name="FloAutomation" duration-ms="176414" started-at="2019-08-08T10:20:43Z" finished-at="2019-08-08T10:23:40Z">
      <class name="TEST.TestBi">
        <test-method status="PASS" signature="Setup()[pri:0, instance:TEST.TestBi@544fe44c]" name="Setup" is-config="true" duration-ms="44467" started-at="2019-08-08T17:20:43Z" finished-at="2019-08-08T17:21:28Z">
          <reporter-output>
          </reporter-output>
        </test-method> <!-- Setup -->
        <test-method status="PASS" signature="asd()[pri:0, instance:TEST.TestBi@544fe44c]" name="asd" duration-ms="131914" started-at="2019-08-08T17:21:28Z" finished-at="2019-08-08T17:23:40Z">
          <reporter-output>
          </reporter-output>
        </test-method> <!-- asd -->
      </class> <!-- TEST.TestBi -->
    </test> <!-- FloAutomation -->
  </suite> <!-- Default Suite -->
</testng-results>
